TN:
SF:/Users/r.sedov/opensource/taiga-ui/projects/core/test.ts
FNF:0
FNH:0
DA:16,1
DA:22,1
DA:25,1
LF:3
LH:3
BRF:0
BRH:0
end_of_record
TN:
SF:/Users/r.sedov/opensource/taiga-ui/projects/core/abstract/abstract-dropdown.ts
FN:69,(anonymous_0)
FN:77,(anonymous_1)
FN:81,(anonymous_2)
FN:89,(anonymous_3)
FN:93,(anonymous_4)
FN:98,(anonymous_5)
FN:102,(anonymous_6)
FN:115,(anonymous_7)
FNF:8
FNH:8
FNDA:22,(anonymous_0)
FNDA:22,(anonymous_1)
FNDA:46,(anonymous_2)
FNDA:35,(anonymous_3)
FNDA:10,(anonymous_4)
FNDA:10,(anonymous_5)
FNDA:10,(anonymous_6)
FNDA:47,(anonymous_7)
DA:31,1
DA:35,22
DA:39,22
DA:43,22
DA:47,22
DA:51,22
DA:55,22
DA:59,22
DA:63,22
DA:65,22
DA:70,22
DA:71,22
DA:72,22
DA:73,22
DA:74,22
DA:78,22
DA:83,46
DA:84,13
DA:85,13
DA:90,35
DA:94,10
DA:98,1
DA:99,10
DA:103,10
DA:104,0
DA:107,10
DA:111,10
DA:112,10
DA:116,47
DA:117,37
DA:120,10
DA:121,10
DA:127,1
LF:33
LH:32
BRDA:83,0,0,13
BRDA:83,0,1,33
BRDA:94,1,0,10
BRDA:94,1,1,1
BRDA:103,2,0,0
BRDA:103,2,1,10
BRDA:116,3,0,37
BRDA:116,3,1,10
BRF:8
BRH:7
end_of_record
TN:
SF:/Users/r.sedov/opensource/taiga-ui/projects/core/abstract/abstract-hint.ts
FN:20,(anonymous_0)
FN:27,(anonymous_1)
FN:31,(anonymous_2)
FN:35,(anonymous_3)
FNF:4
FNH:4
FNDA:37,(anonymous_0)
FNDA:6,(anonymous_1)
FNDA:2,(anonymous_2)
FNDA:15,(anonymous_3)
DA:9,1
DA:12,37
DA:16,37
DA:18,37
DA:21,37
DA:22,37
DA:28,6
DA:32,2
DA:36,15
LF:9
LH:9
BRF:0
BRH:0
end_of_record
TN:
SF:/Users/r.sedov/opensource/taiga-ui/projects/core/abstract/controller.ts
FN:4,(anonymous_0)
FN:7,(anonymous_1)
FNF:2
FNH:2
FNDA:151,(anonymous_0)
FNDA:135,(anonymous_1)
DA:5,151
DA:8,135
LF:2
LH:2
BRF:0
BRH:0
end_of_record
TN:
SF:/Users/r.sedov/opensource/taiga-ui/projects/core/abstract/index.ts
FNF:0
FNH:0
LF:0
LH:0
BRF:0
BRH:0
end_of_record
TN:
SF:/Users/r.sedov/opensource/taiga-ui/projects/core/animations/animations.ts
FNF:0
FNH:0
DA:13,1
DA:16,1
DA:21,1
DA:53,1
DA:58,1
DA:90,1
DA:95,1
DA:124,1
DA:135,1
DA:146,1
DA:168,1
DA:179,1
DA:204,1
DA:223,1
DA:234,1
DA:262,1
DA:273,1
DA:301,1
DA:320,1
DA:345,1
DA:356,1
LF:21
LH:21
BRF:0
BRH:0
end_of_record
TN:
SF:/Users/r.sedov/opensource/taiga-ui/projects/core/animations/index.ts
FNF:0
FNH:0
LF:0
LH:0
BRF:0
BRH:0
end_of_record
TN:
SF:/Users/r.sedov/opensource/taiga-ui/projects/core/components/button/button.component.ts
FN:79,(anonymous_0)
FN:91,(anonymous_1)
FN:96,(anonymous_2)
FN:99,(anonymous_3)
FN:104,(anonymous_4)
FN:108,(anonymous_5)
FN:112,(anonymous_6)
FN:117,(anonymous_7)
FN:122,(anonymous_8)
FN:128,(anonymous_9)
FN:38,(anonymous_11)
FNF:11
FNH:8
FNDA:107,(anonymous_0)
FNDA:0,(anonymous_1)
FNDA:0,(anonymous_2)
FNDA:2,(anonymous_3)
FNDA:5,(anonymous_4)
FNDA:185,(anonymous_5)
FNDA:1,(anonymous_6)
FNDA:190,(anonymous_7)
FNDA:185,(anonymous_8)
FNDA:2,(anonymous_9)
FNDA:0,(anonymous_11)
DA:38,0
DA:44,1
DA:50,107
DA:54,107
DA:58,107
DA:62,107
DA:67,107
DA:72,107
DA:77,107
DA:80,107
DA:86,107
DA:88,107
DA:92,0
DA:94,107
DA:97,0
DA:99,107
DA:100,2
DA:105,5
DA:109,185
DA:113,1
DA:117,1
DA:118,190
DA:122,1
DA:123,185
DA:128,1
DA:129,2
LF:26
LH:23
BRDA:105,0,0,0
BRDA:105,0,1,5
BRDA:113,1,0,1
BRDA:113,1,1,0
BRDA:118,2,0,2
BRDA:118,2,1,188
BRDA:118,3,0,190
BRDA:118,3,1,190
BRDA:123,4,0,113
BRDA:123,4,1,72
BRF:10
BRH:8
end_of_record
TN:
SF:/Users/r.sedov/opensource/taiga-ui/projects/core/components/button/button.module.ts
FNF:0
FNH:0
DA:21,1
LF:1
LH:1
BRF:0
BRH:0
end_of_record
TN:
SF:/Users/r.sedov/opensource/taiga-ui/projects/core/components/button/index.ts
FNF:0
FNH:0
LF:0
LH:0
BRF:0
BRH:0
end_of_record
TN:
SF:/Users/r.sedov/opensource/taiga-ui/projects/core/components/calendar/calendar.component.ts
FN:25,maxDayAssertion
FN:29,maxMonthAssertion
FN:47,(anonymous_2)
FN:102,(anonymous_3)
FN:102,(anonymous_4)
FN:105,(anonymous_5)
FN:119,(anonymous_6)
FN:125,(anonymous_7)
FN:131,(anonymous_8)
FN:135,(anonymous_9)
FN:140,(anonymous_10)
FN:144,(anonymous_11)
FN:148,(anonymous_12)
FN:152,(anonymous_13)
FN:161,(anonymous_14)
FN:162,(anonymous_15)
FNF:16
FNH:8
FNDA:26,maxDayAssertion
FNDA:26,maxMonthAssertion
FNDA:13,(anonymous_2)
FNDA:13,(anonymous_3)
FNDA:546,(anonymous_4)
FNDA:26,(anonymous_5)
FNDA:39,(anonymous_6)
FNDA:39,(anonymous_7)
FNDA:0,(anonymous_8)
FNDA:0,(anonymous_9)
FNDA:0,(anonymous_10)
FNDA:0,(anonymous_11)
FNDA:0,(anonymous_12)
FNDA:0,(anonymous_13)
FNDA:0,(anonymous_14)
FNDA:0,(anonymous_15)
DA:26,26
DA:33,26
DA:36,1
DA:38,1
DA:47,1
DA:50,13
DA:54,13
DA:58,13
DA:62,13
DA:66,13
DA:70,13
DA:74,13
DA:78,13
DA:82,13
DA:86,13
DA:89,13
DA:92,13
DA:95,13
DA:97,13
DA:99,13
DA:102,13
DA:103,546
DA:106,26
DA:108,26
DA:109,0
DA:112,26
DA:113,0
DA:116,26
DA:120,39
DA:126,39
DA:132,0
DA:136,0
DA:137,0
DA:141,0
DA:145,0
DA:149,0
DA:153,0
DA:154,0
DA:157,0
DA:158,0
DA:162,0
DA:163,0
DA:166,0
DA:167,0
LF:44
LH:28
BRDA:103,0,0,546
BRDA:103,0,1,546
BRDA:103,0,2,546
BRDA:108,1,0,0
BRDA:108,1,1,26
BRDA:112,2,0,0
BRDA:112,2,1,26
BRDA:121,3,0,39
BRDA:121,3,1,0
BRDA:127,4,0,39
BRDA:127,4,1,0
BRDA:153,5,0,0
BRDA:153,5,1,0
BRDA:162,6,0,0
BRDA:162,6,1,0
BRF:15
BRH:7
end_of_record
TN:
SF:/Users/r.sedov/opensource/taiga-ui/projects/core/components/calendar/calendar.module.ts
FNF:0
FNH:0
DA:23,1
LF:1
LH:1
BRF:0
BRH:0
end_of_record
TN:
SF:/Users/r.sedov/opensource/taiga-ui/projects/core/components/data-list/data-list-dropdown-manager.directive.ts
FN:33,(anonymous_0)
FN:40,(anonymous_1)
FN:41,(anonymous_2)
FN:47,(anonymous_3)
FN:48,(anonymous_4)
FN:66,(anonymous_5)
FN:69,(anonymous_6)
FN:84,(anonymous_7)
FN:86,(anonymous_8)
FN:86,(anonymous_9)
FN:92,(anonymous_10)
FN:94,(anonymous_11)
FN:96,(anonymous_12)
FN:98,(anonymous_13)
FN:109,(anonymous_14)
FN:111,(anonymous_15)
FN:113,(anonymous_16)
FN:122,(anonymous_17)
FN:124,(anonymous_18)
FN:126,(anonymous_19)
FN:131,(anonymous_20)
FN:134,(anonymous_21)
FN:143,(anonymous_22)
FN:153,(anonymous_23)
FNF:24
FNH:0
FNDA:0,(anonymous_0)
FNDA:0,(anonymous_1)
FNDA:0,(anonymous_2)
FNDA:0,(anonymous_3)
FNDA:0,(anonymous_4)
FNDA:0,(anonymous_5)
FNDA:0,(anonymous_6)
FNDA:0,(anonymous_7)
FNDA:0,(anonymous_8)
FNDA:0,(anonymous_9)
FNDA:0,(anonymous_10)
FNDA:0,(anonymous_11)
FNDA:0,(anonymous_12)
FNDA:0,(anonymous_13)
FNDA:0,(anonymous_14)
FNDA:0,(anonymous_15)
FNDA:0,(anonymous_16)
FNDA:0,(anonymous_17)
FNDA:0,(anonymous_18)
FNDA:0,(anonymous_19)
FNDA:0,(anonymous_20)
FNDA:0,(anonymous_21)
FNDA:0,(anonymous_22)
FNDA:0,(anonymous_23)
DA:33,1
DA:35,1
DA:38,1
DA:41,0
DA:42,0
DA:45,0
DA:48,0
DA:49,0
DA:52,0
DA:53,0
DA:55,0
DA:56,0
DA:59,0
DA:60,0
DA:63,0
DA:66,0
DA:68,0
DA:70,0
DA:71,0
DA:74,0
DA:75,0
DA:84,1
DA:85,0
DA:86,0
DA:92,1
DA:93,0
DA:95,0
DA:97,0
DA:98,0
DA:109,1
DA:110,0
DA:112,0
DA:114,0
DA:122,1
DA:123,0
DA:125,0
DA:127,0
DA:132,0
DA:134,0
DA:144,0
DA:146,0
DA:154,0
DA:156,0
DA:160,0
DA:161,0
DA:164,0
DA:170,0
DA:171,0
LF:48
LH:7
BRDA:55,0,0,0
BRDA:55,0,1,0
BRDA:55,1,0,0
BRDA:55,1,1,0
BRDA:55,1,2,0
BRDA:70,2,0,0
BRDA:70,2,1,0
BRDA:134,3,0,0
BRDA:134,3,1,0
BRDA:147,4,0,0
BRDA:147,4,1,0
BRDA:147,4,2,0
BRDA:156,5,0,0
BRDA:156,5,1,0
BRDA:156,5,2,0
BRDA:160,6,0,0
BRDA:160,6,1,0
BRDA:170,7,0,0
BRDA:170,7,1,0
BRF:19
BRH:0
end_of_record
TN:
SF:/Users/r.sedov/opensource/taiga-ui/projects/core/components/data-list/data-list.component.ts
FN:63,(anonymous_0)
FN:68,(anonymous_1)
FN:69,(anonymous_2)
FN:72,(anonymous_3)
FN:75,(anonymous_4)
FN:76,(anonymous_5)
FN:81,(anonymous_6)
FN:88,(anonymous_7)
FN:92,(anonymous_8)
FN:98,(anonymous_9)
FN:107,(anonymous_10)
FN:113,(anonymous_11)
FN:58,(anonymous_13)
FN:43,(anonymous_14)
FNF:14
FNH:8
FNDA:9,(anonymous_0)
FNDA:9,(anonymous_1)
FNDA:9,(anonymous_2)
FNDA:0,(anonymous_3)
FNDA:0,(anonymous_4)
FNDA:0,(anonymous_5)
FNDA:6,(anonymous_6)
FNDA:0,(anonymous_7)
FNDA:0,(anonymous_8)
FNDA:3,(anonymous_9)
FNDA:21,(anonymous_10)
FNDA:3,(anonymous_11)
FNDA:2,(anonymous_13)
FNDA:0,(anonymous_14)
DA:43,0
DA:47,1
DA:51,9
DA:56,9
DA:58,2
DA:59,9
DA:64,9
DA:68,1
DA:69,9
DA:73,0
DA:75,0
DA:76,0
DA:81,1
DA:82,6
DA:83,3
DA:88,1
DA:92,1
DA:93,0
DA:95,0
DA:99,3
DA:101,3
DA:102,3
DA:107,1
DA:108,21
DA:109,1
DA:114,3
LF:26
LH:20
BRDA:72,0,0,0
BRDA:75,1,0,0
BRDA:75,1,1,0
BRDA:82,2,0,3
BRDA:82,2,1,3
BRDA:82,3,0,6
BRDA:82,3,1,3
BRDA:101,4,0,3
BRDA:101,4,1,0
BRDA:101,5,0,3
BRDA:101,5,1,0
BRDA:108,6,0,1
BRDA:108,6,1,20
BRDA:108,7,0,21
BRDA:108,7,1,6
BRF:15
BRH:10
end_of_record
TN:
SF:/Users/r.sedov/opensource/taiga-ui/projects/core/components/data-list/data-list.directive.ts
FNF:0
FNH:0
DA:6,1
LF:1
LH:1
BRF:0
BRH:0
end_of_record
TN:
SF:/Users/r.sedov/opensource/taiga-ui/projects/core/components/data-list/data-list.module.ts
FNF:0
FNH:0
DA:28,1
LF:1
LH:1
BRF:0
BRH:0
end_of_record
TN:
SF:/Users/r.sedov/opensource/taiga-ui/projects/core/components/data-list/opt-group.directive.ts
FN:10,(anonymous_0)
FNF:1
FNH:0
FNDA:0,(anonymous_0)
DA:10,1
DA:14,1
LF:2
LH:2
BRF:0
BRH:0
end_of_record
TN:
SF:/Users/r.sedov/opensource/taiga-ui/projects/core/components/data-list/option/option.component.ts
FN:30,shouldFocus
FN:67,(anonymous_1)
FN:86,(anonymous_2)
FN:91,(anonymous_3)
FN:101,(anonymous_4)
FN:106,(anonymous_5)
FN:73,(anonymous_7)
FNF:7
FNH:4
FNDA:0,shouldFocus
FNDA:18,(anonymous_1)
FNDA:48,(anonymous_2)
FNDA:0,(anonymous_3)
FNDA:0,(anonymous_4)
FNDA:18,(anonymous_5)
FNDA:19,(anonymous_7)
DA:33,0
DA:48,1
DA:52,18
DA:57,18
DA:61,18
DA:64,1
DA:70,18
DA:73,19
DA:74,18
DA:75,18
DA:78,18
DA:82,18
DA:86,1
DA:87,48
DA:91,1
DA:92,0
DA:93,0
DA:101,1
DA:102,0
DA:107,18
LF:20
LH:16
BRDA:87,0,0,48
BRDA:87,0,1,0
BRDA:92,1,0,0
BRDA:92,1,1,0
BRDA:92,2,0,0
BRDA:92,2,1,0
BRF:6
BRH:1
end_of_record
TN:
SF:/Users/r.sedov/opensource/taiga-ui/projects/core/components/dropdown-box/dropdown-box.component.ts
FN:62,(anonymous_0)
FN:79,(anonymous_1)
FN:84,(anonymous_2)
FN:88,(anonymous_3)
FN:92,(anonymous_4)
FN:96,(anonymous_5)
FN:101,(anonymous_6)
FN:106,(anonymous_7)
FN:120,(anonymous_8)
FN:170,(anonymous_9)
FN:218,(anonymous_10)
FN:255,(anonymous_11)
FN:321,(anonymous_12)
FN:352,(anonymous_13)
FNF:14
FNH:10
FNDA:10,(anonymous_0)
FNDA:0,(anonymous_1)
FNDA:35,(anonymous_2)
FNDA:0,(anonymous_3)
FNDA:0,(anonymous_4)
FNDA:36,(anonymous_5)
FNDA:10,(anonymous_6)
FNDA:35,(anonymous_7)
FNDA:35,(anonymous_8)
FNDA:35,(anonymous_9)
FNDA:35,(anonymous_10)
FNDA:35,(anonymous_11)
FNDA:35,(anonymous_12)
FNDA:0,(anonymous_13)
DA:50,1
DA:52,1
DA:57,10
DA:60,1
DA:66,10
DA:67,10
DA:68,10
DA:70,10
DA:71,10
DA:73,10
DA:80,0
DA:85,35
DA:89,0
DA:93,0
DA:97,36
DA:101,1
DA:103,10
DA:107,35
DA:108,35
DA:109,35
DA:113,35
DA:115,35
DA:116,35
DA:117,35
DA:124,35
DA:125,35
DA:126,35
DA:128,35
DA:131,35
DA:132,35
DA:134,35
DA:136,2
DA:140,0
DA:143,2
DA:145,33
DA:146,0
DA:149,33
DA:152,35
DA:153,1
DA:156,35
DA:157,24
DA:160,35
DA:175,35
DA:178,35
DA:179,35
DA:181,35
DA:183,2
DA:187,2
DA:188,2
DA:190,0
DA:191,0
DA:194,2
DA:196,33
DA:200,33
DA:201,33
DA:203,0
DA:204,0
DA:207,33
DA:223,35
DA:225,35
DA:229,35
DA:232,35
DA:233,35
DA:234,35
DA:236,35
DA:238,35
DA:239,0
DA:241,0
DA:242,0
DA:243,0
DA:247,35
DA:249,35
DA:250,35
DA:251,35
DA:256,35
DA:257,35
DA:262,35
DA:263,35
DA:265,35
DA:268,35
DA:270,0
DA:271,0
DA:274,0
DA:276,0
DA:277,0
DA:280,0
DA:284,35
DA:290,35
DA:292,35
DA:301,35
DA:302,0
DA:303,35
DA:304,35
DA:307,0
DA:312,35
DA:322,35
DA:328,35
DA:333,0
DA:335,0
DA:338,35
DA:342,2
DA:343,2
DA:345,2
DA:348,33
DA:349,33
DA:353,0
DA:354,0
DA:355,0
DA:357,0
DA:359,0
DA:360,0
DA:363,0
DA:364,0
DA:367,0
LF:114
LH:82
BRDA:97,0,0,0
BRDA:97,0,1,36
BRDA:110,1,0,0
BRDA:110,1,1,35
BRDA:113,2,0,0
BRDA:113,2,1,35
BRDA:128,3,0,35
BRDA:128,3,1,1
BRDA:131,4,0,35
BRDA:131,4,1,35
BRDA:135,5,0,2
BRDA:135,5,1,33
BRDA:136,6,0,0
BRDA:136,6,1,2
BRDA:137,7,0,2
BRDA:137,7,1,1
BRDA:145,8,0,0
BRDA:145,8,1,33
BRDA:145,9,0,33
BRDA:145,9,1,33
BRDA:152,10,0,1
BRDA:152,10,1,34
BRDA:152,11,0,35
BRDA:152,11,1,1
BRDA:156,12,0,24
BRDA:156,12,1,11
BRDA:156,13,0,35
BRDA:156,13,1,24
BRDA:176,14,0,0
BRDA:176,14,1,35
BRDA:182,15,0,2
BRDA:182,15,1,33
BRDA:183,16,0,2
BRDA:183,16,1,0
BRDA:184,17,0,2
BRDA:184,17,1,2
BRDA:196,18,0,33
BRDA:196,18,1,0
BRDA:197,19,0,33
BRDA:197,19,1,0
BRDA:230,20,0,0
BRDA:230,20,1,35
BRDA:238,21,0,0
BRDA:238,21,1,35
BRDA:258,22,0,0
BRDA:258,22,1,35
BRDA:269,23,0,0
BRDA:269,23,1,0
BRDA:270,24,0,0
BRDA:270,24,1,0
BRDA:276,25,0,0
BRDA:276,25,1,0
BRDA:290,26,0,35
BRDA:290,26,1,0
BRDA:290,27,0,35
BRDA:290,27,1,35
BRDA:301,28,0,0
BRDA:301,28,1,35
BRDA:301,29,0,35
BRDA:301,29,1,0
BRDA:303,30,0,35
BRDA:303,30,1,0
BRDA:308,31,0,0
BRDA:308,31,1,0
BRDA:325,32,0,0
BRDA:325,32,1,35
BRDA:323,33,0,35
BRDA:323,33,1,0
BRDA:328,34,0,0
BRDA:328,34,1,35
BRDA:329,35,0,35
BRDA:329,35,1,0
BRDA:329,35,2,0
BRDA:338,36,0,2
BRDA:338,36,1,33
BRDA:339,37,0,35
BRDA:339,37,1,2
BRDA:355,38,0,0
BRDA:355,38,1,0
BRDA:359,39,0,0
BRDA:359,39,1,0
BRDA:363,40,0,0
BRDA:363,40,1,0
BRF:83
BRH:48
end_of_record
TN:
SF:/Users/r.sedov/opensource/taiga-ui/projects/core/components/dropdown-box/dropdown-box.module.ts
FNF:0
FNH:0
DA:21,1
LF:1
LH:1
BRF:0
BRH:0
end_of_record
TN:
SF:/Users/r.sedov/opensource/taiga-ui/projects/core/components/dropdown-box/index.ts
FNF:0
FNH:0
LF:0
LH:0
BRF:0
BRH:0
end_of_record
TN:
SF:/Users/r.sedov/opensource/taiga-ui/projects/core/components/expand/expand-content.directive.ts
FN:9,(anonymous_0)
FNF:1
FNH:1
FNDA:9,(anonymous_0)
DA:8,1
DA:15,9
LF:2
LH:2
BRF:0
BRH:0
end_of_record
TN:
SF:/Users/r.sedov/opensource/taiga-ui/projects/core/components/expand/expand.component.ts
FN:18,(anonymous_0)
FN:69,(anonymous_1)
FN:40,(anonymous_2)
FN:74,(anonymous_3)
FN:79,(anonymous_4)
FN:84,(anonymous_5)
FN:109,(anonymous_6)
FN:114,(anonymous_7)
FN:125,(anonymous_8)
FN:133,(anonymous_9)
FN:137,(anonymous_10)
FNF:11
FNH:11
FNDA:1,(anonymous_0)
FNDA:9,(anonymous_1)
FNDA:16,(anonymous_2)
FNDA:44,(anonymous_3)
FNDA:56,(anonymous_4)
FNDA:44,(anonymous_5)
FNDA:19,(anonymous_6)
FNDA:1,(anonymous_7)
FNDA:1,(anonymous_8)
FNDA:7,(anonymous_9)
FNDA:7,(anonymous_10)
DA:18,1
DA:19,1
DA:20,1
DA:21,1
DA:22,1
DA:25,1
DA:33,1
DA:36,9
DA:40,1
DA:41,16
DA:42,9
DA:44,9
DA:47,7
DA:48,0
DA:49,0
DA:51,0
DA:54,7
DA:55,7
DA:59,1
DA:62,9
DA:65,1
DA:67,9
DA:70,9
DA:74,1
DA:75,44
DA:79,1
DA:80,56
DA:84,1
DA:85,44
DA:87,44
DA:91,18
DA:94,26
DA:99,4
DA:102,22
DA:103,2
DA:106,20
DA:110,19
DA:114,1
DA:115,1
DA:120,1
DA:125,1
DA:126,1
DA:128,1
DA:129,0
DA:134,7
DA:137,7
DA:138,7
DA:139,0
DA:142,7
DA:143,7
LF:50
LH:45
BRDA:18,0,0,1
BRDA:18,0,1,1
BRDA:41,1,0,9
BRDA:41,1,1,7
BRDA:47,2,0,0
BRDA:47,2,1,7
BRDA:55,3,0,3
BRDA:55,3,1,4
BRDA:55,4,0,7
BRDA:55,4,1,3
BRDA:80,5,0,56
BRDA:80,5,1,36
BRDA:80,5,2,21
BRDA:87,6,0,18
BRDA:87,6,1,26
BRDA:88,7,0,44
BRDA:88,7,1,26
BRDA:88,7,2,26
BRDA:88,7,3,18
BRDA:94,8,0,4
BRDA:94,8,1,22
BRDA:95,9,0,26
BRDA:95,9,1,17
BRDA:95,9,2,12
BRDA:95,9,3,13
BRDA:95,9,4,5
BRDA:102,10,0,2
BRDA:102,10,1,20
BRDA:102,11,0,22
BRDA:102,11,1,13
BRDA:102,11,2,5
BRDA:110,12,0,19
BRDA:110,12,1,9
BRDA:115,13,0,1
BRDA:115,13,1,0
BRDA:116,14,0,1
BRDA:116,14,1,1
BRDA:116,14,2,1
BRDA:128,15,0,0
BRDA:128,15,1,1
BRDA:138,16,0,0
BRDA:138,16,1,7
BRF:42
BRH:38
end_of_record
TN:
SF:/Users/r.sedov/opensource/taiga-ui/projects/core/components/expand/expand.module.ts
FNF:0
FNH:0
DA:14,1
LF:1
LH:1
BRF:0
BRH:0
end_of_record
TN:
SF:/Users/r.sedov/opensource/taiga-ui/projects/core/components/hints-host/hints-host.component.ts
FN:34,(anonymous_0)
FN:40,(anonymous_1)
FN:46,(anonymous_2)
FN:50,(anonymous_3)
FNF:4
FNH:2
FNDA:47,(anonymous_0)
FNDA:9,(anonymous_1)
FNDA:0,(anonymous_2)
FNDA:0,(anonymous_3)
DA:27,1
DA:32,47
DA:35,47
DA:37,47
DA:40,47
DA:41,9
DA:42,9
DA:47,0
DA:51,0
DA:52,0
LF:10
LH:7
BRDA:51,0,0,0
BRDA:51,0,1,0
BRF:2
BRH:0
end_of_record
TN:
SF:/Users/r.sedov/opensource/taiga-ui/projects/core/components/hints-host/hints-host.module.ts
FNF:0
FNH:0
DA:15,1
LF:1
LH:1
BRF:0
BRH:0
end_of_record
TN:
SF:/Users/r.sedov/opensource/taiga-ui/projects/core/components/hints-host/index.ts
FNF:0
FNH:0
LF:0
LH:0
BRF:0
BRH:0
end_of_record
TN:
SF:/Users/r.sedov/opensource/taiga-ui/projects/core/components/hints-host/hint-box/hint-box.component.ts
FN:78,(anonymous_0)
FN:88,(anonymous_1)
FN:95,(anonymous_2)
FN:103,(anonymous_3)
FN:111,(anonymous_4)
FN:214,(anonymous_5)
FN:259,(anonymous_6)
FNF:7
FNH:2
FNDA:2,(anonymous_0)
FNDA:0,(anonymous_1)
FNDA:2,(anonymous_2)
FNDA:0,(anonymous_3)
FNDA:0,(anonymous_4)
FNDA:0,(anonymous_5)
FNDA:0,(anonymous_6)
DA:28,1
DA:29,1
DA:30,1
DA:31,1
DA:32,1
DA:33,1
DA:34,1
DA:35,1
DA:43,1
DA:62,1
DA:64,1
DA:68,2
DA:73,2
DA:76,1
DA:82,2
DA:83,2
DA:84,2
DA:86,2
DA:88,2
DA:89,0
DA:95,1
DA:96,2
DA:104,0
DA:105,0
DA:107,0
DA:112,0
DA:113,0
DA:115,0
DA:118,0
DA:119,0
DA:122,0
DA:123,0
DA:124,0
DA:125,0
DA:126,0
DA:127,0
DA:128,0
DA:137,0
DA:138,0
DA:139,0
DA:142,0
DA:144,0
DA:145,0
DA:146,0
DA:147,0
DA:148,0
DA:151,0
DA:159,0
DA:161,0
DA:162,0
DA:164,0
DA:165,0
DA:166,0
DA:168,0
DA:169,0
DA:170,0
DA:172,0
DA:173,0
DA:174,0
DA:176,0
DA:177,0
DA:178,0
DA:180,0
DA:181,0
DA:182,0
DA:184,0
DA:185,0
DA:186,0
DA:190,0
DA:194,0
DA:197,0
DA:198,0
DA:201,0
DA:204,0
DA:208,0
DA:209,0
DA:211,0
DA:215,0
DA:216,0
DA:219,0
DA:220,0
DA:221,0
DA:222,0
DA:223,0
DA:224,0
DA:225,0
DA:227,0
DA:230,0
DA:233,0
DA:237,0
DA:238,0
DA:245,0
DA:246,0
DA:248,0
DA:249,0
DA:256,0
DA:260,0
DA:261,0
DA:264,0
DA:265,0
DA:267,0
DA:268,0
DA:269,0
LF:103
LH:21
BRDA:104,0,0,0
BRDA:104,0,1,0
BRDA:112,1,0,0
BRDA:112,1,1,0
BRDA:118,2,0,0
BRDA:118,2,1,0
BRDA:149,3,0,0
BRDA:149,3,1,0
BRDA:152,4,0,0
BRDA:152,4,1,0
BRDA:163,5,0,0
BRDA:163,5,1,0
BRDA:163,5,2,0
BRDA:163,5,3,0
BRDA:163,5,4,0
BRDA:163,5,5,0
BRDA:190,6,0,0
BRDA:190,6,1,0
BRDA:194,7,0,0
BRDA:194,7,1,0
BRDA:197,8,0,0
BRDA:197,8,1,0
BRDA:197,9,0,0
BRDA:197,9,1,0
BRDA:197,9,2,0
BRDA:202,10,0,0
BRDA:202,10,1,0
BRDA:205,11,0,0
BRDA:205,11,1,0
BRDA:215,12,0,0
BRDA:215,12,1,0
BRDA:227,13,0,0
BRDA:227,13,1,0
BRDA:230,14,0,0
BRDA:230,14,1,0
BRDA:234,15,0,0
BRDA:234,15,1,0
BRDA:233,16,0,0
BRDA:233,16,1,0
BRDA:233,16,2,0
BRDA:240,17,0,0
BRDA:240,17,1,0
BRDA:246,18,0,0
BRDA:246,18,1,0
BRDA:248,19,0,0
BRDA:248,19,1,0
BRDA:251,20,0,0
BRDA:251,20,1,0
BRDA:250,21,0,0
BRDA:250,21,1,0
BRDA:260,22,0,0
BRDA:260,22,1,0
BRF:52
BRH:0
end_of_record
TN:
SF:/Users/r.sedov/opensource/taiga-ui/projects/core/components/hints-host/hint-box/hint-box.module.ts
FNF:0
FNH:0
DA:10,1
LF:1
LH:1
BRF:0
BRH:0
end_of_record
TN:
SF:/Users/r.sedov/opensource/taiga-ui/projects/core/components/hosted-dropdown/hosted-dropdown-connector.directive.ts
FN:7,(anonymous_0)
FNF:1
FNH:1
FNDA:2,(anonymous_0)
DA:6,1
DA:7,2
LF:2
LH:2
BRF:0
BRH:0
end_of_record
TN:
SF:/Users/r.sedov/opensource/taiga-ui/projects/core/components/hosted-dropdown/hosted-dropdown.component.ts
FN:83,(anonymous_0)
FN:89,(anonymous_1)
FN:95,(anonymous_2)
FN:101,(anonymous_3)
FN:111,(anonymous_4)
FN:116,(anonymous_5)
FN:124,(anonymous_6)
FN:135,(anonymous_7)
FN:151,(anonymous_8)
FN:161,(anonymous_9)
FN:166,(anonymous_10)
FN:170,(anonymous_11)
FN:182,(anonymous_12)
FN:190,(anonymous_13)
FN:196,(anonymous_14)
FN:205,(anonymous_15)
FN:212,(anonymous_16)
FN:218,(anonymous_17)
FN:226,(anonymous_18)
FN:270,(anonymous_19)
FN:278,(anonymous_20)
FN:286,(anonymous_21)
FN:47,(anonymous_23)
FNF:23
FNH:21
FNDA:20,(anonymous_0)
FNDA:274,(anonymous_1)
FNDA:3,(anonymous_2)
FNDA:93,(anonymous_3)
FNDA:33,(anonymous_4)
FNDA:88,(anonymous_5)
FNDA:12,(anonymous_6)
FNDA:6,(anonymous_7)
FNDA:2,(anonymous_8)
FNDA:12,(anonymous_9)
FNDA:0,(anonymous_10)
FNDA:1,(anonymous_11)
FNDA:9,(anonymous_12)
FNDA:9,(anonymous_13)
FNDA:15,(anonymous_14)
FNDA:6,(anonymous_15)
FNDA:9,(anonymous_16)
FNDA:14,(anonymous_17)
FNDA:12,(anonymous_18)
FNDA:2,(anonymous_19)
FNDA:2,(anonymous_20)
FNDA:9,(anonymous_21)
FNDA:0,(anonymous_23)
DA:47,0
DA:52,1
DA:55,20
DA:59,20
DA:63,20
DA:66,20
DA:69,20
DA:72,1
DA:75,1
DA:78,1
DA:81,1
DA:84,20
DA:86,20
DA:90,274
DA:96,3
DA:102,93
DA:112,33
DA:116,1
DA:117,88
DA:124,1
DA:125,12
DA:129,12
DA:130,2
DA:135,1
DA:136,6
DA:137,6
DA:141,6
DA:146,3
DA:151,1
DA:152,2
DA:153,0
DA:156,2
DA:157,2
DA:161,1
DA:162,12
DA:166,1
DA:167,0
DA:171,1
DA:178,0
DA:183,9
DA:185,9
DA:186,0
DA:191,9
DA:192,0
DA:197,15
DA:198,2
DA:201,13
DA:202,13
DA:206,6
DA:208,6
DA:212,1
DA:215,9
DA:219,14
DA:227,12
DA:229,12
DA:235,1
DA:238,11
DA:244,8
DA:246,8
DA:247,6
DA:250,8
DA:253,3
DA:256,3
DA:262,3
DA:263,0
DA:266,3
DA:267,3
DA:271,2
DA:272,2
DA:275,2
DA:279,2
DA:281,2
DA:282,2
DA:287,9
LF:74
LH:67
BRDA:91,0,0,26
BRDA:91,0,1,248
BRDA:97,1,0,0
BRDA:97,1,1,3
BRDA:96,2,0,3
BRDA:96,2,1,3
BRDA:103,3,0,9
BRDA:103,3,1,84
BRDA:118,4,0,88
BRDA:118,4,1,63
BRDA:118,4,2,11
BRDA:118,4,3,9
BRDA:126,5,0,0
BRDA:126,5,1,12
BRDA:127,6,0,12
BRDA:127,6,1,0
BRDA:129,7,0,2
BRDA:129,7,1,10
BRDA:136,8,0,6
BRDA:136,8,1,0
BRDA:138,9,0,2
BRDA:138,9,1,4
BRDA:141,10,0,3
BRDA:141,10,1,3
BRDA:142,11,0,6
BRDA:142,11,1,5
BRDA:142,11,2,5
BRDA:152,12,0,0
BRDA:152,12,1,2
BRDA:171,13,0,0
BRDA:171,13,1,1
BRDA:172,14,0,1
BRDA:172,14,1,1
BRDA:172,14,2,0
BRDA:172,14,3,0
BRDA:172,14,4,0
BRDA:185,15,0,0
BRDA:185,15,1,9
BRDA:191,16,0,0
BRDA:191,16,1,9
BRDA:197,17,0,2
BRDA:197,17,1,13
BRDA:197,18,0,15
BRDA:197,18,1,11
BRDA:206,19,0,6
BRDA:206,19,1,0
BRDA:208,20,0,6
BRDA:208,20,1,6
BRDA:220,21,0,14
BRDA:220,21,1,3
BRDA:220,21,2,11
BRDA:220,21,3,0
BRDA:220,21,4,11
BRDA:229,22,0,1
BRDA:229,22,1,11
BRDA:230,23,0,12
BRDA:230,23,1,12
BRDA:230,23,2,12
BRDA:230,23,3,12
BRDA:238,24,0,8
BRDA:238,24,1,3
BRDA:239,25,0,11
BRDA:239,25,1,3
BRDA:239,25,2,3
BRDA:239,25,3,3
BRDA:246,26,0,6
BRDA:246,26,1,2
BRDA:254,27,0,3
BRDA:254,27,1,0
BRDA:262,28,0,0
BRDA:262,28,1,3
BRDA:271,29,0,2
BRDA:271,29,1,0
BRDA:281,30,0,2
BRDA:281,30,1,0
BRF:75
BRH:58
end_of_record
TN:
SF:/Users/r.sedov/opensource/taiga-ui/projects/core/components/hosted-dropdown/hosted-dropdown.module.ts
FNF:0
FNH:0
DA:21,1
LF:1
LH:1
BRF:0
BRH:0
end_of_record
TN:
SF:/Users/r.sedov/opensource/taiga-ui/projects/core/components/link/index.ts
FNF:0
FNH:0
LF:0
LH:0
BRF:0
BRH:0
end_of_record
TN:
SF:/Users/r.sedov/opensource/taiga-ui/projects/core/components/link/link.component.ts
FN:67,(anonymous_0)
FN:79,(anonymous_1)
FN:85,(anonymous_2)
FN:93,(anonymous_3)
FN:97,(anonymous_4)
FN:102,(anonymous_5)
FN:106,(anonymous_6)
FN:110,(anonymous_7)
FN:114,(anonymous_8)
FN:33,(anonymous_10)
FNF:10
FNH:6
FNDA:27,(anonymous_0)
FNDA:0,(anonymous_1)
FNDA:49,(anonymous_2)
FNDA:0,(anonymous_3)
FNDA:0,(anonymous_4)
FNDA:49,(anonymous_5)
FNDA:54,(anonymous_6)
FNDA:27,(anonymous_7)
FNDA:27,(anonymous_8)
FNDA:0,(anonymous_10)
DA:33,0
DA:41,1
DA:45,27
DA:49,27
DA:53,27
DA:58,27
DA:62,27
DA:65,27
DA:69,27
DA:72,27
DA:75,27
DA:79,27
DA:80,0
DA:85,1
DA:86,49
DA:94,0
DA:98,0
DA:102,1
DA:103,49
DA:107,54
DA:111,27
DA:115,27
LF:22
LH:18
BRDA:89,0,0,49
BRDA:89,0,1,0
BRDA:86,1,0,49
BRDA:86,1,1,49
BRDA:86,1,2,0
BRDA:103,2,0,49
BRDA:103,2,1,0
BRDA:111,3,0,27
BRDA:111,3,1,0
BRDA:115,4,0,27
BRDA:115,4,1,0
BRF:11
BRH:6
end_of_record
TN:
SF:/Users/r.sedov/opensource/taiga-ui/projects/core/components/link/link.module.ts
FNF:0
FNH:0
DA:12,1
LF:1
LH:1
BRF:0
BRH:0
end_of_record
TN:
SF:/Users/r.sedov/opensource/taiga-ui/projects/core/components/loader/index.ts
FNF:0
FNH:0
LF:0
LH:0
BRF:0
BRH:0
end_of_record
TN:
SF:/Users/r.sedov/opensource/taiga-ui/projects/core/components/loader/loader.component.ts
FN:64,(anonymous_0)
FN:49,(anonymous_1)
FN:70,(anonymous_2)
FN:74,(anonymous_3)
FN:78,(anonymous_4)
FN:82,(anonymous_5)
FNF:6
FNH:6
FNDA:13,(anonymous_0)
FNDA:16,(anonymous_1)
FNDA:16,(anonymous_2)
FNDA:4,(anonymous_3)
FNDA:5,(anonymous_4)
FNDA:4,(anonymous_5)
DA:30,1
DA:33,13
DA:37,13
DA:41,13
DA:45,13
DA:49,1
DA:51,16
DA:52,0
DA:55,16
DA:59,13
DA:62,13
DA:65,13
DA:66,13
DA:67,13
DA:71,16
DA:75,4
DA:79,5
DA:83,4
LF:18
LH:17
BRDA:62,0,0,13
BRDA:62,0,1,13
BRDA:51,1,0,0
BRDA:51,1,1,16
BRDA:51,2,0,16
BRDA:51,2,1,4
BRDA:71,3,0,16
BRDA:71,3,1,9
BRF:8
BRH:7
end_of_record
TN:
SF:/Users/r.sedov/opensource/taiga-ui/projects/core/components/loader/loader.directive.ts
FN:19,(anonymous_0)
FN:32,(anonymous_1)
FN:37,(anonymous_2)
FNF:3
FNH:1
FNDA:4,(anonymous_0)
FNDA:0,(anonymous_1)
FNDA:0,(anonymous_2)
DA:7,1
DA:8,1
DA:14,1
DA:15,4
DA:17,4
DA:23,4
DA:26,4
DA:27,4
DA:30,0
DA:33,0
DA:38,0
DA:39,0
DA:40,0
DA:43,0
DA:44,0
DA:45,0
DA:46,0
DA:48,0
DA:49,0
DA:51,0
DA:52,0
LF:21
LH:8
BRDA:26,0,0,4
BRDA:26,0,1,0
BRDA:26,1,0,4
BRDA:26,1,1,4
BRDA:38,2,0,0
BRDA:38,2,1,0
BRF:6
BRH:3
end_of_record
TN:
SF:/Users/r.sedov/opensource/taiga-ui/projects/core/components/loader/loader.module.ts
FNF:0
FNH:0
DA:12,1
LF:1
LH:1
BRF:0
BRH:0
end_of_record
TN:
SF:/Users/r.sedov/opensource/taiga-ui/projects/core/components/notification/index.ts
FNF:0
FNH:0
LF:0
LH:0
BRF:0
BRH:0
end_of_record
TN:
SF:/Users/r.sedov/opensource/taiga-ui/projects/core/components/notification/notification.component.ts
FN:47,(anonymous_0)
FN:49,(anonymous_1)
FN:53,(anonymous_2)
FNF:3
FNH:2
FNDA:25,(anonymous_0)
FNDA:33,(anonymous_1)
FNDA:0,(anonymous_2)
DA:14,1
DA:28,1
DA:32,25
DA:37,25
DA:42,25
DA:45,25
DA:47,25
DA:50,33
DA:54,0
LF:9
LH:8
BRF:0
BRH:0
end_of_record
TN:
SF:/Users/r.sedov/opensource/taiga-ui/projects/core/components/notification/notification.module.ts
FNF:0
FNH:0
DA:13,1
LF:1
LH:1
BRF:0
BRH:0
end_of_record
TN:
SF:/Users/r.sedov/opensource/taiga-ui/projects/core/components/primitive-calendar/index.ts
FNF:0
FNH:0
LF:0
LH:0
BRF:0
BRH:0
end_of_record
TN:
SF:/Users/r.sedov/opensource/taiga-ui/projects/core/components/primitive-calendar/primitive-calendar.component.ts
FN:107,(anonymous_0)
FN:93,(anonymous_1)
FN:58,(anonymous_2)
FN:113,(anonymous_3)
FN:120,(anonymous_4)
FN:138,(anonymous_5)
FN:182,(anonymous_6)
FN:188,(anonymous_7)
FN:192,(anonymous_8)
FN:196,(anonymous_9)
FN:216,(anonymous_10)
FN:220,(anonymous_11)
FN:224,(anonymous_12)
FN:233,(anonymous_13)
FN:234,(anonymous_14)
FN:242,(anonymous_15)
FNF:16
FNH:10
FNDA:30,(anonymous_0)
FNDA:1344,(anonymous_1)
FNDA:32,(anonymous_2)
FNDA:59,(anonymous_3)
FNDA:1512,(anonymous_4)
FNDA:3024,(anonymous_5)
FNDA:0,(anonymous_6)
FNDA:3024,(anonymous_7)
FNDA:3024,(anonymous_8)
FNDA:1512,(anonymous_9)
FNDA:0,(anonymous_10)
FNDA:0,(anonymous_11)
FNDA:1,(anonymous_12)
FNDA:0,(anonymous_13)
FNDA:0,(anonymous_14)
FNDA:0,(anonymous_15)
DA:26,1
DA:35,1
DA:38,30
DA:42,30
DA:46,30
DA:50,30
DA:54,30
DA:58,1
DA:59,32
DA:60,0
DA:63,32
DA:65,32
DA:66,192
DA:68,192
DA:69,1344
DA:72,192
DA:75,32
DA:76,32
DA:80,30
DA:83,30
DA:85,30
DA:87,30
DA:89,30
DA:91,30
DA:93,30
DA:98,1344
DA:99,30
DA:102,1314
DA:104,1314
DA:109,30
DA:113,1
DA:114,59
DA:121,1512
DA:123,1512
DA:124,30
DA:127,1482
DA:128,0
DA:131,1482
DA:132,0
DA:135,1482
DA:139,3024
DA:141,3024
DA:142,1932
DA:145,1092
DA:146,1092
DA:149,0
DA:160,0
DA:163,0
DA:174,0
DA:177,0
DA:183,0
DA:185,0
DA:189,3024
DA:193,3024
DA:197,1512
DA:199,1512
DA:200,1512
DA:203,0
DA:204,0
DA:207,0
DA:208,0
DA:211,0
DA:213,0
DA:217,0
DA:221,0
DA:225,1
DA:226,1
DA:229,0
DA:230,0
DA:234,0
DA:235,0
DA:238,0
DA:239,0
DA:243,0
LF:74
LH:49
BRDA:98,0,0,30
BRDA:98,0,1,1314
BRDA:98,1,0,1344
BRDA:98,1,1,1314
BRDA:104,2,0,1314
BRDA:104,2,1,0
BRDA:59,3,0,0
BRDA:59,3,1,32
BRDA:59,4,0,32
BRDA:59,4,1,2
BRDA:115,5,0,59
BRDA:115,5,1,13
BRDA:115,5,2,0
BRDA:123,6,0,30
BRDA:123,6,1,1482
BRDA:127,7,0,0
BRDA:127,7,1,1482
BRDA:127,8,0,1482
BRDA:127,8,1,0
BRDA:131,9,0,0
BRDA:131,9,1,1482
BRDA:131,10,0,1482
BRDA:131,10,1,0
BRDA:141,11,0,1932
BRDA:141,11,1,1092
BRDA:145,12,0,1092
BRDA:145,12,1,0
BRDA:146,13,0,26
BRDA:146,13,1,1066
BRDA:149,14,0,0
BRDA:149,14,1,0
BRDA:150,15,0,0
BRDA:150,15,1,0
BRDA:150,15,2,0
BRDA:150,15,3,0
BRDA:150,15,4,0
BRDA:150,15,5,0
BRDA:150,15,6,0
BRDA:150,15,7,0
BRDA:150,15,8,0
BRDA:150,15,9,0
BRDA:163,16,0,0
BRDA:163,16,1,0
BRDA:164,17,0,0
BRDA:164,17,1,0
BRDA:164,17,2,0
BRDA:164,17,3,0
BRDA:164,17,4,0
BRDA:164,17,5,0
BRDA:164,17,6,0
BRDA:164,17,7,0
BRDA:164,17,8,0
BRDA:164,17,9,0
BRDA:178,18,0,0
BRDA:178,18,1,0
BRDA:177,19,0,0
BRDA:177,19,1,0
BRDA:193,20,0,3024
BRDA:193,20,1,3024
BRDA:199,21,0,1512
BRDA:199,21,1,0
BRDA:199,22,0,1512
BRDA:199,22,1,546
BRDA:203,23,0,0
BRDA:203,23,1,0
BRDA:204,24,0,0
BRDA:204,24,1,0
BRDA:207,25,0,0
BRDA:207,25,1,0
BRDA:213,26,0,0
BRDA:213,26,1,0
BRDA:217,27,0,0
BRDA:217,27,1,0
BRDA:225,28,0,1
BRDA:225,28,1,0
BRDA:234,29,0,0
BRDA:234,29,1,0
BRDA:243,30,0,0
BRDA:243,30,1,0
BRF:79
BRH:27
end_of_record
TN:
SF:/Users/r.sedov/opensource/taiga-ui/projects/core/components/primitive-calendar/primitive-calendar.module.ts
FNF:0
FNH:0
DA:27,1
LF:1
LH:1
BRF:0
BRH:0
end_of_record
TN:
SF:/Users/r.sedov/opensource/taiga-ui/projects/core/components/primitive-spin-button/index.ts
FNF:0
FNH:0
LF:0
LH:0
BRF:0
BRH:0
end_of_record
TN:
SF:/Users/r.sedov/opensource/taiga-ui/projects/core/components/primitive-spin-button/primitive-spin-button.component.ts
FN:48,(anonymous_0)
FN:52,(anonymous_1)
FN:56,(anonymous_2)
FN:60,(anonymous_3)
FN:64,(anonymous_4)
FN:70,(anonymous_5)
FN:76,(anonymous_6)
FN:80,(anonymous_7)
FNF:8
FNH:4
FNDA:31,(anonymous_0)
FNDA:91,(anonymous_1)
FNDA:36,(anonymous_2)
FNDA:36,(anonymous_3)
FNDA:0,(anonymous_4)
FNDA:0,(anonymous_5)
FNDA:0,(anonymous_6)
FNDA:0,(anonymous_7)
DA:22,1
DA:25,31
DA:29,31
DA:33,31
DA:37,31
DA:40,31
DA:43,31
DA:46,1
DA:48,31
DA:49,31
DA:53,91
DA:57,36
DA:61,36
DA:65,0
DA:66,0
DA:71,0
DA:72,0
DA:77,0
DA:81,0
LF:19
LH:13
BRDA:53,0,0,91
BRDA:53,0,1,33
BRDA:57,1,0,36
BRDA:57,1,1,36
BRDA:61,2,0,36
BRDA:61,2,1,36
BRDA:65,3,0,0
BRDA:65,3,1,0
BRDA:71,4,0,0
BRDA:71,4,1,0
BRF:10
BRH:6
end_of_record
TN:
SF:/Users/r.sedov/opensource/taiga-ui/projects/core/components/primitive-spin-button/primitive-spin-button.module.ts
FNF:0
FNH:0
DA:23,1
LF:1
LH:1
BRF:0
BRH:0
end_of_record
TN:
SF:/Users/r.sedov/opensource/taiga-ui/projects/core/components/primitive-textfield/primitive-textfield.component.ts
FN:126,(anonymous_0)
FN:141,(anonymous_1)
FN:147,(anonymous_2)
FN:152,(anonymous_3)
FN:157,(anonymous_4)
FN:162,(anonymous_5)
FN:166,(anonymous_6)
FN:170,(anonymous_7)
FN:174,(anonymous_8)
FN:178,(anonymous_9)
FN:182,(anonymous_10)
FN:189,(anonymous_11)
FN:199,(anonymous_12)
FN:206,(anonymous_13)
FN:214,(anonymous_14)
FN:218,(anonymous_15)
FN:222,(anonymous_16)
FN:226,(anonymous_17)
FN:233,(anonymous_18)
FN:241,(anonymous_19)
FN:248,(anonymous_20)
FN:255,(anonymous_21)
FN:259,(anonymous_22)
FN:263,(anonymous_23)
FN:270,(anonymous_24)
FN:276,(anonymous_25)
FN:281,(anonymous_26)
FN:285,(anonymous_27)
FN:289,(anonymous_28)
FN:301,(anonymous_29)
FN:305,(anonymous_30)
FN:309,(anonymous_31)
FN:313,(anonymous_32)
FN:317,(anonymous_33)
FN:321,(anonymous_34)
FN:325,(anonymous_35)
FN:334,(anonymous_36)
FN:343,(anonymous_37)
FN:61,(anonymous_39)
FNF:39
FNH:32
FNDA:30,(anonymous_0)
FNDA:335,(anonymous_1)
FNDA:331,(anonymous_2)
FNDA:347,(anonymous_3)
FNDA:228,(anonymous_4)
FNDA:238,(anonymous_5)
FNDA:112,(anonymous_6)
FNDA:112,(anonymous_7)
FNDA:112,(anonymous_8)
FNDA:0,(anonymous_9)
FNDA:56,(anonymous_10)
FNDA:56,(anonymous_11)
FNDA:56,(anonymous_12)
FNDA:53,(anonymous_13)
FNDA:112,(anonymous_14)
FNDA:112,(anonymous_15)
FNDA:130,(anonymous_16)
FNDA:112,(anonymous_17)
FNDA:126,(anonymous_18)
FNDA:56,(anonymous_19)
FNDA:59,(anonymous_20)
FNDA:5,(anonymous_21)
FNDA:0,(anonymous_22)
FNDA:3,(anonymous_23)
FNDA:56,(anonymous_24)
FNDA:56,(anonymous_25)
FNDA:128,(anonymous_26)
FNDA:1,(anonymous_27)
FNDA:0,(anonymous_28)
FNDA:0,(anonymous_29)
FNDA:2,(anonymous_30)
FNDA:4,(anonymous_31)
FNDA:0,(anonymous_32)
FNDA:109,(anonymous_33)
FNDA:224,(anonymous_34)
FNDA:6,(anonymous_35)
FNDA:0,(anonymous_36)
FNDA:1,(anonymous_37)
FNDA:0,(anonymous_39)
DA:50,1
DA:51,1
DA:61,0
DA:72,1
DA:77,30
DA:81,30
DA:85,30
DA:89,30
DA:94,30
DA:98,30
DA:102,30
DA:106,30
DA:110,30
DA:113,30
DA:116,30
DA:119,1
DA:122,1
DA:124,30
DA:129,30
DA:132,30
DA:134,30
DA:136,30
DA:138,30
DA:142,335
DA:148,331
DA:152,1
DA:153,347
DA:157,1
DA:158,228
DA:162,1
DA:163,238
DA:167,112
DA:171,112
DA:175,112
DA:179,0
DA:183,56
DA:190,56
DA:200,56
DA:207,53
DA:215,112
DA:219,112
DA:223,130
DA:227,112
DA:233,1
DA:234,126
DA:243,56
DA:245,56
DA:250,59
DA:252,59
DA:256,5
DA:260,0
DA:264,3
DA:271,56
DA:277,56
DA:281,1
DA:282,128
DA:286,1
DA:290,0
DA:294,0
DA:297,0
DA:298,0
DA:302,0
DA:306,2
DA:310,4
DA:314,0
DA:318,109
DA:322,224
DA:326,6
DA:335,0
DA:336,0
DA:339,0
DA:340,0
DA:344,1
DA:345,1
LF:74
LH:61
BRDA:143,0,0,135
BRDA:143,0,1,200
BRDA:142,1,0,335
BRDA:142,1,1,335
BRDA:163,2,0,238
BRDA:163,2,1,230
BRDA:163,2,2,222
BRDA:171,3,0,112
BRDA:171,3,1,112
BRDA:171,3,2,100
BRDA:179,4,0,0
BRDA:179,4,1,0
BRDA:184,5,0,0
BRDA:184,5,1,56
BRDA:201,6,0,56
BRDA:201,6,1,52
BRDA:201,6,2,6
BRDA:201,6,3,3
BRDA:201,6,4,3
BRDA:208,7,0,53
BRDA:208,7,1,50
BRDA:208,7,2,50
BRDA:208,7,3,5
BRDA:208,7,4,45
BRDA:208,7,5,37
BRDA:215,8,0,112
BRDA:215,8,1,0
BRDA:219,9,0,112
BRDA:219,9,1,0
BRDA:228,10,0,112
BRDA:228,10,1,12
BRDA:228,10,2,8
BRDA:228,10,3,6
BRDA:235,11,0,126
BRDA:235,11,1,0
BRDA:235,11,2,0
BRDA:243,12,0,56
BRDA:243,12,1,5
BRDA:243,12,2,5
BRDA:245,13,0,56
BRDA:245,13,1,53
BRDA:250,14,0,59
BRDA:250,14,1,48
BRDA:250,14,2,5
BRDA:252,15,0,59
BRDA:252,15,1,16
BRDA:256,16,0,0
BRDA:256,16,1,5
BRDA:260,17,0,0
BRDA:260,17,1,0
BRDA:260,17,2,0
BRDA:265,18,0,3
BRDA:265,18,1,0
BRDA:272,19,0,0
BRDA:272,19,1,56
BRDA:277,20,0,0
BRDA:277,20,1,56
BRDA:282,21,0,128
BRDA:282,21,1,116
BRDA:290,22,0,0
BRDA:290,22,1,0
BRDA:291,23,0,0
BRDA:291,23,1,0
BRDA:327,24,0,6
BRDA:327,24,1,6
BRDA:327,24,2,3
BRDA:327,24,3,3
BRDA:335,25,0,0
BRDA:335,25,1,0
BRF:69
BRH:49
end_of_record
TN:
SF:/Users/r.sedov/opensource/taiga-ui/projects/core/components/primitive-textfield/primitive-textfield.module.ts
FNF:0
FNH:0
DA:40,1
LF:1
LH:1
BRF:0
BRH:0
end_of_record
TN:
SF:/Users/r.sedov/opensource/taiga-ui/projects/core/components/primitive-year-picker/index.ts
FNF:0
FNH:0
LF:0
LH:0
BRF:0
BRH:0
end_of_record
TN:
SF:/Users/r.sedov/opensource/taiga-ui/projects/core/components/primitive-year-picker/primitive-year-picker.component.ts
FN:32,(anonymous_0)
FN:63,(anonymous_1)
FN:69,(anonymous_2)
FN:73,(anonymous_3)
FN:79,(anonymous_4)
FN:85,(anonymous_5)
FN:89,(anonymous_6)
FN:93,(anonymous_7)
FN:97,(anonymous_8)
FN:118,(anonymous_9)
FN:162,(anonymous_10)
FN:166,(anonymous_11)
FN:188,(anonymous_12)
FN:192,(anonymous_13)
FN:196,(anonymous_14)
FN:200,(anonymous_15)
FN:204,(anonymous_16)
FNF:17
FNH:12
FNDA:12,(anonymous_0)
FNDA:24,(anonymous_1)
FNDA:12,(anonymous_2)
FNDA:2412,(anonymous_3)
FNDA:12,(anonymous_4)
FNDA:2424,(anonymous_5)
FNDA:2400,(anonymous_6)
FNDA:2400,(anonymous_7)
FNDA:2400,(anonymous_8)
FNDA:2400,(anonymous_9)
FNDA:2400,(anonymous_10)
FNDA:2400,(anonymous_11)
FNDA:0,(anonymous_12)
FNDA:0,(anonymous_13)
FNDA:0,(anonymous_14)
FNDA:0,(anonymous_15)
FNDA:0,(anonymous_16)
DA:23,1
DA:24,1
DA:32,1
DA:35,12
DA:39,12
DA:43,12
DA:47,12
DA:51,12
DA:54,12
DA:56,12
DA:58,12
DA:60,12
DA:63,1
DA:64,24
DA:66,24
DA:70,12
DA:74,2412
DA:76,2412
DA:80,12
DA:82,12
DA:86,2424
DA:90,2400
DA:94,2400
DA:98,2400
DA:100,2400
DA:104,0
DA:107,2400
DA:108,0
DA:111,2400
DA:112,0
DA:115,2400
DA:119,2400
DA:121,2400
DA:122,0
DA:125,2400
DA:126,2400
DA:129,0
DA:140,0
DA:143,0
DA:154,0
DA:157,0
DA:163,2400
DA:167,2400
DA:169,2400
DA:170,2400
DA:173,0
DA:174,0
DA:177,0
DA:178,0
DA:181,0
DA:189,0
DA:193,0
DA:197,0
DA:201,0
DA:205,0
LF:55
LH:36
BRDA:66,0,0,24
BRDA:66,0,1,24
BRDA:66,0,2,0
BRDA:76,1,0,0
BRDA:76,1,1,2412
BRDA:82,2,0,0
BRDA:82,2,1,12
BRDA:100,3,0,0
BRDA:100,3,1,2400
BRDA:101,4,0,2400
BRDA:101,4,1,2400
BRDA:101,4,2,2400
BRDA:107,5,0,0
BRDA:107,5,1,2400
BRDA:111,6,0,0
BRDA:111,6,1,2400
BRDA:121,7,0,0
BRDA:121,7,1,2400
BRDA:125,8,0,2400
BRDA:125,8,1,0
BRDA:126,9,0,12
BRDA:126,9,1,2388
BRDA:129,10,0,0
BRDA:129,10,1,0
BRDA:130,11,0,0
BRDA:130,11,1,0
BRDA:130,11,2,0
BRDA:130,11,3,0
BRDA:130,11,4,0
BRDA:130,11,5,0
BRDA:130,11,6,0
BRDA:130,11,7,0
BRDA:130,11,8,0
BRDA:130,11,9,0
BRDA:143,12,0,0
BRDA:143,12,1,0
BRDA:144,13,0,0
BRDA:144,13,1,0
BRDA:144,13,2,0
BRDA:144,13,3,0
BRDA:144,13,4,0
BRDA:144,13,5,0
BRDA:144,13,6,0
BRDA:144,13,7,0
BRDA:144,13,8,0
BRDA:144,13,9,0
BRDA:158,14,0,0
BRDA:158,14,1,0
BRDA:157,15,0,0
BRDA:157,15,1,0
BRDA:169,16,0,2400
BRDA:169,16,1,0
BRDA:169,17,0,2400
BRDA:169,17,1,2400
BRDA:173,18,0,0
BRDA:173,18,1,0
BRDA:174,19,0,0
BRDA:174,19,1,0
BRDA:177,20,0,0
BRDA:177,20,1,0
BRDA:177,21,0,0
BRDA:177,21,1,0
BRDA:201,22,0,0
BRDA:201,22,1,0
BRDA:205,23,0,0
BRDA:205,23,1,0
BRF:66
BRH:17
end_of_record
TN:
SF:/Users/r.sedov/opensource/taiga-ui/projects/core/components/primitive-year-picker/primitive-year-picker.module.ts
FNF:0
FNH:0
DA:23,1
LF:1
LH:1
BRF:0
BRH:0
end_of_record
TN:
SF:/Users/r.sedov/opensource/taiga-ui/projects/core/components/root/root.component.ts
FN:50,(anonymous_0)
FN:83,(anonymous_1)
FN:86,(anonymous_2)
FN:91,(anonymous_3)
FNF:4
FNH:2
FNDA:47,(anonymous_0)
FNDA:0,(anonymous_1)
FNDA:0,(anonymous_2)
FNDA:60,(anonymous_3)
DA:44,1
DA:45,47
DA:46,47
DA:54,47
DA:55,47
DA:59,47
DA:62,47
DA:63,47
DA:66,47
DA:68,47
DA:70,47
DA:72,47
DA:77,47
DA:78,47
DA:81,0
DA:83,0
DA:87,0
DA:92,60
LF:18
LH:15
BRDA:47,0,0,47
BRDA:47,0,1,47
BRDA:47,0,2,0
BRDA:77,1,0,47
BRDA:77,1,1,0
BRDA:92,2,0,60
BRDA:92,2,1,60
BRDA:92,2,2,60
BRF:8
BRH:6
end_of_record
TN:
SF:/Users/r.sedov/opensource/taiga-ui/projects/core/components/root/root.module.ts
FNF:0
FNH:0
DA:31,1
LF:1
LH:1
BRF:0
BRH:0
end_of_record
TN:
SF:/Users/r.sedov/opensource/taiga-ui/projects/core/components/scroll-controls/index.ts
FNF:0
FNH:0
LF:0
LH:0
BRF:0
BRH:0
end_of_record
TN:
SF:/Users/r.sedov/opensource/taiga-ui/projects/core/components/scroll-controls/scroll-controls.component.ts
FN:33,(anonymous_0)
FN:28,(anonymous_1)
FN:29,(anonymous_2)
FN:44,(anonymous_3)
FN:46,(anonymous_4)
FN:52,(anonymous_5)
FN:54,(anonymous_6)
FN:59,(anonymous_7)
FN:63,(anonymous_8)
FNF:9
FNH:7
FNDA:54,(anonymous_0)
FNDA:1,(anonymous_1)
FNDA:0,(anonymous_2)
FNDA:54,(anonymous_3)
FNDA:1,(anonymous_4)
FNDA:54,(anonymous_5)
FNDA:1,(anonymous_6)
FNDA:0,(anonymous_7)
FNDA:1,(anonymous_8)
DA:26,1
DA:27,54
DA:28,1
DA:29,0
DA:35,54
DA:37,54
DA:40,54
DA:44,1
DA:45,54
DA:46,1
DA:52,1
DA:53,54
DA:54,1
DA:60,0
DA:69,1
DA:71,1
LF:16
LH:14
BRDA:29,0,0,0
BRDA:29,0,1,0
BRDA:60,1,0,0
BRDA:60,1,1,0
BRF:4
BRH:0
end_of_record
TN:
SF:/Users/r.sedov/opensource/taiga-ui/projects/core/components/scroll-controls/scroll-controls.module.ts
FNF:0
FNH:0
DA:12,1
LF:1
LH:1
BRF:0
BRH:0
end_of_record
TN:
SF:/Users/r.sedov/opensource/taiga-ui/projects/core/components/scroll-controls/scrollbar.directive.ts
FN:27,(anonymous_0)
FN:42,(anonymous_1)
FN:48,(anonymous_2)
FN:55,(anonymous_3)
FN:73,(anonymous_4)
FN:100,(anonymous_5)
FN:115,(anonymous_6)
FN:137,(anonymous_7)
FN:143,(anonymous_8)
FN:156,(anonymous_9)
FN:176,getOffsetVertical
FN:180,getOffsetHorizontal
FNF:12
FNH:0
FNDA:0,(anonymous_0)
FNDA:0,(anonymous_1)
FNDA:0,(anonymous_2)
FNDA:0,(anonymous_3)
FNDA:0,(anonymous_4)
FNDA:0,(anonymous_5)
FNDA:0,(anonymous_6)
FNDA:0,(anonymous_7)
FNDA:0,(anonymous_8)
FNDA:0,(anonymous_9)
FNDA:0,getOffsetVertical
FNDA:0,getOffsetHorizontal
DA:15,1
DA:23,1
DA:25,1
DA:31,0
DA:32,0
DA:33,0
DA:35,0
DA:36,0
DA:37,0
DA:39,0
DA:43,0
DA:44,0
DA:45,0
DA:47,0
DA:48,0
DA:56,0
DA:57,0
DA:63,0
DA:71,0
DA:74,0
DA:75,0
DA:80,0
DA:86,0
DA:91,0
DA:108,0
DA:110,0
DA:121,0
DA:123,0
DA:129,0
DA:132,0
DA:138,0
DA:140,0
DA:149,0
DA:151,0
DA:161,0
DA:162,0
DA:163,0
DA:165,0
DA:166,0
DA:168,0
DA:170,0
DA:172,0
DA:177,0
DA:181,0
LF:44
LH:3
BRDA:56,0,0,0
BRDA:56,0,1,0
BRDA:74,1,0,0
BRDA:74,1,1,0
BRDA:111,2,0,0
BRDA:111,2,1,0
BRDA:123,3,0,0
BRDA:123,3,1,0
BRDA:124,4,0,0
BRDA:124,4,1,0
BRDA:124,4,2,0
BRDA:124,4,3,0
BRDA:133,5,0,0
BRDA:133,5,1,0
BRDA:138,6,0,0
BRDA:138,6,1,0
BRDA:152,7,0,0
BRDA:152,7,1,0
BRF:18
BRH:0
end_of_record
TN:
SF:/Users/r.sedov/opensource/taiga-ui/projects/core/components/scrollbar/index.ts
FNF:0
FNH:0
LF:0
LH:0
BRF:0
BRH:0
end_of_record
TN:
SF:/Users/r.sedov/opensource/taiga-ui/projects/core/components/scrollbar/scroll-ref.directive.ts
FNF:0
FNH:0
DA:4,1
DA:15,1
LF:2
LH:2
BRF:0
BRH:0
end_of_record
TN:
SF:/Users/r.sedov/opensource/taiga-ui/projects/core/components/scrollbar/scrollable.directive.ts
FNF:0
FNH:0
DA:6,1
LF:1
LH:1
BRF:0
BRH:0
end_of_record
TN:
SF:/Users/r.sedov/opensource/taiga-ui/projects/core/components/scrollbar/scrollbar.component.ts
FN:17,scrollRefFactory
FN:50,(anonymous_1)
FN:59,(anonymous_2)
FN:63,(anonymous_3)
FN:68,(anonymous_4)
FN:73,(anonymous_5)
FNF:6
FNH:5
FNDA:10,scrollRefFactory
FNDA:10,(anonymous_1)
FNDA:10,(anonymous_2)
FNDA:10,(anonymous_3)
FNDA:36,(anonymous_4)
FNDA:0,(anonymous_5)
DA:20,10
DA:37,1
DA:40,10
DA:44,1
DA:46,10
DA:54,10
DA:55,10
DA:56,10
DA:60,10
DA:64,10
DA:68,1
DA:69,36
DA:73,1
DA:74,0
DA:75,0
DA:77,0
DA:79,0
DA:81,0
DA:83,0
LF:19
LH:13
BRDA:47,0,0,10
BRDA:47,0,1,10
BRDA:47,0,2,0
BRDA:60,1,0,10
BRDA:60,1,1,10
BRDA:60,1,2,0
BRDA:64,2,0,10
BRDA:64,2,1,10
BRDA:69,3,0,36
BRDA:69,3,1,0
BRDA:69,3,2,0
BRF:11
BRH:7
end_of_record
TN:
SF:/Users/r.sedov/opensource/taiga-ui/projects/core/components/scrollbar/scrollbar.module.ts
FNF:0
FNH:0
DA:13,1
LF:1
LH:1
BRF:0
BRH:0
end_of_record
TN:
SF:/Users/r.sedov/opensource/taiga-ui/projects/core/components/svg/index.ts
FNF:0
FNH:0
LF:0
LH:0
BRF:0
BRH:0
end_of_record
TN:
SF:/Users/r.sedov/opensource/taiga-ui/projects/core/components/svg/svg.component.ts
FN:59,(anonymous_0)
FN:74,(anonymous_1)
FN:48,(anonymous_2)
FN:83,(anonymous_3)
FN:89,(anonymous_4)
FN:93,(anonymous_5)
FN:99,(anonymous_6)
FN:103,(anonymous_7)
FN:107,(anonymous_8)
FN:111,(anonymous_9)
FN:115,(anonymous_10)
FN:119,(anonymous_11)
FN:130,(anonymous_12)
FN:149,(anonymous_13)
FN:153,(anonymous_14)
FN:157,(anonymous_15)
FN:168,(anonymous_16)
FN:177,(anonymous_17)
FN:181,(anonymous_18)
FN:186,(anonymous_19)
FNF:20
FNH:20
FNDA:146,(anonymous_0)
FNDA:161,(anonymous_1)
FNDA:157,(anonymous_2)
FNDA:1078,(anonymous_3)
FNDA:160,(anonymous_4)
FNDA:304,(anonymous_5)
FNDA:615,(anonymous_6)
FNDA:317,(anonymous_7)
FNDA:621,(anonymous_8)
FNDA:620,(anonymous_9)
FNDA:304,(anonymous_10)
FNDA:311,(anonymous_11)
FNDA:143,(anonymous_12)
FNDA:154,(anonymous_13)
FNDA:156,(anonymous_14)
FNDA:152,(anonymous_15)
FNDA:9,(anonymous_16)
FNDA:5,(anonymous_17)
FNDA:2,(anonymous_18)
FNDA:5,(anonymous_19)
DA:33,1
DA:34,1
DA:35,1
DA:45,1
DA:48,1
DA:49,157
DA:50,157
DA:55,146
DA:56,146
DA:57,146
DA:60,146
DA:61,146
DA:62,146
DA:65,146
DA:66,146
DA:68,146
DA:69,146
DA:70,146
DA:71,146
DA:73,146
DA:75,161
DA:84,1078
DA:90,160
DA:94,304
DA:100,615
DA:104,317
DA:108,621
DA:112,620
DA:116,304
DA:120,311
DA:122,311
DA:131,143
DA:132,143
DA:144,143
DA:145,143
DA:149,1
DA:150,154
DA:154,156
DA:158,152
DA:160,152
DA:161,141
DA:165,152
DA:169,9
DA:178,5
DA:180,5
DA:182,2
DA:184,2
DA:187,5
LF:48
LH:48
BRDA:76,0,0,5
BRDA:76,0,1,156
BRDA:85,1,0,6
BRDA:85,1,1,1072
BRDA:90,2,0,160
BRDA:90,2,1,156
BRDA:90,2,2,152
BRDA:90,2,3,152
BRDA:104,3,0,317
BRDA:104,3,1,311
BRDA:104,3,2,0
BRDA:104,3,3,311
BRDA:116,4,0,304
BRDA:116,4,1,304
BRDA:116,4,2,304
BRDA:123,5,0,311
BRDA:123,5,1,3
BRDA:123,5,2,3
BRDA:123,5,3,3
BRDA:130,6,0,0
BRDA:154,7,0,4
BRDA:154,7,1,152
BRDA:160,8,0,141
BRDA:160,8,1,11
BRDA:160,9,0,152
BRDA:160,9,1,152
BRDA:160,9,2,150
BRDA:165,10,0,152
BRDA:165,10,1,0
BRDA:165,11,0,152
BRDA:165,11,1,0
BRDA:165,12,0,0
BRDA:165,12,1,0
BRDA:170,13,0,9
BRDA:170,13,1,2
BRDA:171,14,0,0
BRDA:171,14,1,9
BRDA:178,15,0,5
BRDA:178,15,1,0
BRF:39
BRH:31
end_of_record
TN:
SF:/Users/r.sedov/opensource/taiga-ui/projects/core/components/svg/svg.module.ts
FNF:0
FNH:0
DA:11,1
LF:1
LH:1
BRF:0
BRH:0
end_of_record
TN:
SF:/Users/r.sedov/opensource/taiga-ui/projects/core/components/tooltip/index.ts
FNF:0
FNH:0
LF:0
LH:0
BRF:0
BRH:0
end_of_record
TN:
SF:/Users/r.sedov/opensource/taiga-ui/projects/core/components/tooltip/tooltip.component.ts
FN:42,(anonymous_0)
FN:43,(anonymous_1)
FN:49,(anonymous_2)
FNF:3
FNH:3
FNDA:24,(anonymous_0)
FNDA:24,(anonymous_1)
FNDA:72,(anonymous_2)
DA:23,1
DA:26,24
DA:30,24
DA:34,24
DA:38,24
DA:40,24
DA:43,24
DA:44,24
DA:49,1
DA:50,72
LF:10
LH:10
BRDA:50,0,0,72
BRDA:50,0,1,72
BRDA:50,1,0,4
BRDA:50,1,1,68
BRF:4
BRH:4
end_of_record
TN:
SF:/Users/r.sedov/opensource/taiga-ui/projects/core/components/tooltip/tooltip.module.ts
FNF:0
FNH:0
DA:13,1
LF:1
LH:1
BRF:0
BRH:0
end_of_record
TN:
SF:/Users/r.sedov/opensource/taiga-ui/projects/core/components/wrapper/index.ts
FNF:0
FNH:0
LF:0
LH:0
BRF:0
BRH:0
end_of_record
TN:
SF:/Users/r.sedov/opensource/taiga-ui/projects/core/components/wrapper/wrapper.component.ts
FN:49,(anonymous_0)
FN:53,(anonymous_1)
FN:59,(anonymous_2)
FN:64,(anonymous_3)
FN:69,(anonymous_4)
FNF:5
FNH:5
FNDA:137,(anonymous_0)
FNDA:51,(anonymous_1)
FNDA:165,(anonymous_2)
FNDA:165,(anonymous_3)
FNDA:165,(anonymous_4)
DA:23,1
DA:25,137
DA:28,137
DA:31,137
DA:34,137
DA:37,137
DA:40,137
DA:44,137
DA:47,137
DA:50,137
DA:53,137
DA:54,51
DA:59,1
DA:60,165
DA:64,1
DA:65,165
DA:69,1
DA:70,165
DA:71,2
DA:74,163
DA:75,2
DA:78,161
DA:79,0
DA:82,161
DA:83,0
DA:86,161
LF:26
LH:24
BRDA:60,0,0,165
BRDA:60,0,1,163
BRDA:60,0,2,161
BRDA:65,1,0,165
BRDA:65,1,1,7
BRDA:70,2,0,2
BRDA:70,2,1,163
BRDA:74,3,0,2
BRDA:74,3,1,161
BRDA:78,4,0,0
BRDA:78,4,1,161
BRDA:82,5,0,0
BRDA:82,5,1,161
BRDA:82,6,0,161
BRDA:82,6,1,0
BRF:15
BRH:12
end_of_record
TN:
SF:/Users/r.sedov/opensource/taiga-ui/projects/core/components/wrapper/wrapper.module.ts
FNF:0
FNH:0
DA:8,1
LF:1
LH:1
BRF:0
BRH:0
end_of_record
TN:
SF:/Users/r.sedov/opensource/taiga-ui/projects/core/components/wrapper/wrapper.providers.ts
FNF:0
FNH:0
DA:7,1
LF:1
LH:1
BRF:0
BRH:0
end_of_record
TN:
SF:/Users/r.sedov/opensource/taiga-ui/projects/core/constants/absolute-box-sizes.ts
FNF:0
FNH:0
DA:1,1
DA:2,1
DA:3,1
DA:4,1
LF:4
LH:4
BRF:0
BRH:0
end_of_record
TN:
SF:/Users/r.sedov/opensource/taiga-ui/projects/core/constants/animation-duration.ts
FNF:0
FNH:0
DA:1,1
LF:1
LH:1
BRF:0
BRH:0
end_of_record
TN:
SF:/Users/r.sedov/opensource/taiga-ui/projects/core/constants/default-icons-path.ts
FN:3,(anonymous_0)
FNF:1
FNH:1
FNDA:154,(anonymous_0)
DA:3,1
DA:4,154
LF:2
LH:2
BRDA:4,0,0,0
BRDA:4,0,1,154
BRF:2
BRH:1
end_of_record
TN:
SF:/Users/r.sedov/opensource/taiga-ui/projects/core/constants/default-marker-handler.ts
FN:4,(anonymous_0)
FNF:1
FNH:1
FNDA:1314,(anonymous_0)
DA:4,1314
LF:1
LH:1
BRF:0
BRH:0
end_of_record
TN:
SF:/Users/r.sedov/opensource/taiga-ui/projects/core/constants/editing-keys.ts
FNF:0
FNH:0
DA:1,1
LF:1
LH:1
BRF:0
BRH:0
end_of_record
TN:
SF:/Users/r.sedov/opensource/taiga-ui/projects/core/constants/events.ts
FNF:0
FNH:0
DA:5,1
DA:10,1
DA:15,1
LF:3
LH:3
BRF:0
BRH:0
end_of_record
TN:
SF:/Users/r.sedov/opensource/taiga-ui/projects/core/constants/index.ts
FNF:0
FNH:0
LF:0
LH:0
BRF:0
BRH:0
end_of_record
TN:
SF:/Users/r.sedov/opensource/taiga-ui/projects/core/constants/mask-caret-trap.ts
FNF:0
FNH:0
DA:1,1
LF:1
LH:1
BRF:0
BRH:0
end_of_record
TN:
SF:/Users/r.sedov/opensource/taiga-ui/projects/core/constants/media.ts
FNF:0
FNH:0
DA:4,1
LF:1
LH:1
BRF:0
BRH:0
end_of_record
TN:
SF:/Users/r.sedov/opensource/taiga-ui/projects/core/constants/regexp.ts
FNF:0
FNH:0
DA:1,1
DA:2,1
DA:3,1
DA:4,1
DA:5,1
DA:6,1
LF:6
LH:6
BRF:0
BRH:0
end_of_record
TN:
SF:/Users/r.sedov/opensource/taiga-ui/projects/core/constants/version.ts
FNF:0
FNH:0
DA:1,1
LF:1
LH:1
BRF:0
BRH:0
end_of_record
TN:
SF:/Users/r.sedov/opensource/taiga-ui/projects/core/directives/index.ts
FNF:0
FNH:0
LF:0
LH:0
BRF:0
BRH:0
end_of_record
TN:
SF:/Users/r.sedov/opensource/taiga-ui/projects/core/directives/color/color.const.ts
FNF:0
FNH:0
DA:2,1
LF:1
LH:1
BRF:0
BRH:0
end_of_record
TN:
SF:/Users/r.sedov/opensource/taiga-ui/projects/core/directives/color/color.directive.ts
FN:24,(anonymous_0)
FNF:1
FNH:0
FNDA:0,(anonymous_0)
DA:13,1
DA:17,1
DA:22,1
DA:27,0
LF:4
LH:3
BRF:0
BRH:0
end_of_record
TN:
SF:/Users/r.sedov/opensource/taiga-ui/projects/core/directives/color/color.module.ts
FNF:0
FNH:0
DA:8,1
LF:1
LH:1
BRF:0
BRH:0
end_of_record
TN:
SF:/Users/r.sedov/opensource/taiga-ui/projects/core/directives/color/index.ts
FNF:0
FNH:0
LF:0
LH:0
BRF:0
BRH:0
end_of_record
TN:
SF:/Users/r.sedov/opensource/taiga-ui/projects/core/directives/described-by/described-by.directive.ts
FN:25,(anonymous_0)
FN:29,(anonymous_1)
FN:43,(anonymous_2)
FNF:3
FNH:3
FNDA:30,(anonymous_0)
FNDA:6,(anonymous_1)
FNDA:56,(anonymous_2)
DA:11,1
DA:20,1
DA:23,30
DA:29,30
DA:30,6
DA:31,0
DA:34,6
DA:35,2
DA:37,4
DA:43,1
DA:44,56
LF:11
LH:10
BRDA:30,0,0,0
BRDA:30,0,1,6
BRDA:34,1,0,2
BRDA:34,1,1,4
BRDA:44,2,0,56
BRDA:44,2,1,0
BRF:6
BRH:4
end_of_record
TN:
SF:/Users/r.sedov/opensource/taiga-ui/projects/core/directives/described-by/described-by.module.ts
FNF:0
FNH:0
DA:8,1
LF:1
LH:1
BRF:0
BRH:0
end_of_record
TN:
SF:/Users/r.sedov/opensource/taiga-ui/projects/core/directives/described-by/described-by.providers.ts
FN:30,describedByFactory
FN:36,(anonymous_1)
FN:45,(anonymous_2)
FN:47,(anonymous_3)
FNF:4
FNH:2
FNDA:30,describedByFactory
FNDA:4,(anonymous_1)
FNDA:0,(anonymous_2)
FNDA:0,(anonymous_3)
DA:15,1
DA:17,1
DA:20,1
DA:34,30
DA:36,4
DA:45,0
DA:48,0
LF:7
LH:5
BRF:0
BRH:0
end_of_record
TN:
SF:/Users/r.sedov/opensource/taiga-ui/projects/core/directives/described-by/index.ts
FNF:0
FNH:0
LF:0
LH:0
BRF:0
BRH:0
end_of_record
TN:
SF:/Users/r.sedov/opensource/taiga-ui/projects/core/directives/dropdown/dropdown.directive.ts
FN:44,(anonymous_0)
FN:36,(anonymous_1)
FN:27,(anonymous_3)
FNF:3
FNH:3
FNDA:22,(anonymous_0)
FNDA:35,(anonymous_1)
FNDA:10,(anonymous_3)
DA:27,10
DA:32,1
DA:36,1
DA:37,35
DA:38,10
DA:40,25
DA:54,22
DA:56,22
LF:8
LH:8
BRDA:37,0,0,10
BRDA:37,0,1,25
BRF:2
BRH:2
end_of_record
TN:
SF:/Users/r.sedov/opensource/taiga-ui/projects/core/directives/dropdown/dropdown.module.ts
FNF:0
FNH:0
DA:11,1
LF:1
LH:1
BRF:0
BRH:0
end_of_record
TN:
SF:/Users/r.sedov/opensource/taiga-ui/projects/core/directives/dropdown/index.ts
FNF:0
FNH:0
LF:0
LH:0
BRF:0
BRH:0
end_of_record
TN:
SF:/Users/r.sedov/opensource/taiga-ui/projects/core/directives/dropdown-controller/dropdown-controller.directive.ts
FN:20,(anonymous_0)
FN:16,(anonymous_1)
FNF:2
FNH:1
FNDA:1,(anonymous_0)
FNDA:0,(anonymous_1)
DA:16,0
DA:20,1
DA:23,1
DA:27,1
DA:31,1
DA:35,1
DA:39,1
DA:43,1
LF:8
LH:7
BRF:0
BRH:0
end_of_record
TN:
SF:/Users/r.sedov/opensource/taiga-ui/projects/core/directives/dropdown-controller/dropdown-controller.module.ts
FNF:0
FNH:0
DA:8,1
LF:1
LH:1
BRF:0
BRH:0
end_of_record
TN:
SF:/Users/r.sedov/opensource/taiga-ui/projects/core/directives/dropdown-controller/dropdown-controller.provider.ts
FNF:0
FNH:0
DA:6,1
DA:10,1
LF:2
LH:2
BRF:0
BRH:0
end_of_record
TN:
SF:/Users/r.sedov/opensource/taiga-ui/projects/core/directives/dropdown-controller/dropdown-controller.token.ts
FN:7,(anonymous_0)
FNF:1
FNH:1
FNDA:1,(anonymous_0)
DA:4,1
DA:7,1
LF:2
LH:2
BRF:0
BRH:0
end_of_record
TN:
SF:/Users/r.sedov/opensource/taiga-ui/projects/core/directives/dropdown-controller/index.ts
FNF:0
FNH:0
LF:0
LH:0
BRF:0
BRH:0
end_of_record
TN:
SF:/Users/r.sedov/opensource/taiga-ui/projects/core/directives/hint/hint.directive.ts
FN:65,(anonymous_0)
FN:85,(anonymous_1)
FN:88,(anonymous_2)
FN:93,(anonymous_3)
FN:96,(anonymous_4)
FN:105,(anonymous_5)
FN:112,(anonymous_6)
FN:54,(anonymous_7)
FN:120,(anonymous_8)
FN:124,(anonymous_9)
FN:128,(anonymous_10)
FN:132,(anonymous_11)
FN:137,(anonymous_12)
FN:146,(anonymous_13)
FN:151,(anonymous_14)
FNF:15
FNH:12
FNDA:31,(anonymous_0)
FNDA:9,(anonymous_1)
FNDA:9,(anonymous_2)
FNDA:1,(anonymous_3)
FNDA:1,(anonymous_4)
FNDA:1,(anonymous_5)
FNDA:31,(anonymous_6)
FNDA:34,(anonymous_7)
FNDA:0,(anonymous_8)
FNDA:0,(anonymous_9)
FNDA:0,(anonymous_10)
FNDA:31,(anonymous_11)
FNDA:1,(anonymous_12)
FNDA:65,(anonymous_13)
FNDA:74,(anonymous_14)
DA:34,1
DA:35,1
DA:36,1
DA:42,1
DA:43,31
DA:46,1
DA:50,31
DA:54,1
DA:55,34
DA:56,3
DA:57,3
DA:59,3
DA:62,31
DA:66,31
DA:76,31
DA:79,31
DA:86,9
DA:89,9
DA:91,9
DA:94,1
DA:96,1
DA:106,1
DA:107,1
DA:109,0
DA:113,31
DA:117,31
DA:121,0
DA:125,0
DA:129,0
DA:133,31
DA:134,31
DA:138,1
DA:139,1
DA:142,0
DA:143,0
DA:147,65
DA:148,65
DA:152,74
DA:153,7
DA:155,67
LF:40
LH:34
BRDA:86,0,0,9
BRDA:86,0,1,2
BRDA:91,1,0,7
BRDA:91,1,1,2
BRDA:95,2,0,1
BRDA:95,2,1,0
BRDA:94,3,0,1
BRDA:94,3,1,1
BRDA:106,4,0,1
BRDA:106,4,1,0
BRDA:55,5,0,3
BRDA:55,5,1,31
BRDA:121,6,0,0
BRDA:121,6,1,0
BRDA:125,7,0,0
BRDA:125,7,1,0
BRDA:138,8,0,1
BRDA:138,8,1,0
BRDA:152,9,0,7
BRDA:152,9,1,67
BRF:20
BRH:13
end_of_record
TN:
SF:/Users/r.sedov/opensource/taiga-ui/projects/core/directives/hint/hint.module.ts
FNF:0
FNH:0
DA:8,1
LF:1
LH:1
BRF:0
BRH:0
end_of_record
TN:
SF:/Users/r.sedov/opensource/taiga-ui/projects/core/directives/hint/index.ts
FNF:0
FNH:0
LF:0
LH:0
BRF:0
BRH:0
end_of_record
TN:
SF:/Users/r.sedov/opensource/taiga-ui/projects/core/directives/hint-controller/hint-controller.directive.ts
FN:19,(anonymous_0)
FN:15,(anonymous_1)
FNF:2
FNH:2
FNDA:28,(anonymous_0)
FNDA:27,(anonymous_1)
DA:15,27
DA:19,1
DA:22,28
DA:26,28
DA:30,28
LF:5
LH:5
BRF:0
BRH:0
end_of_record
TN:
SF:/Users/r.sedov/opensource/taiga-ui/projects/core/directives/hint-controller/hint-controller.module.ts
FNF:0
FNH:0
DA:8,1
LF:1
LH:1
BRF:0
BRH:0
end_of_record
TN:
SF:/Users/r.sedov/opensource/taiga-ui/projects/core/directives/hint-controller/hint-controller.provider.ts
FNF:0
FNH:0
DA:6,1
DA:8,1
LF:2
LH:2
BRF:0
BRH:0
end_of_record
TN:
SF:/Users/r.sedov/opensource/taiga-ui/projects/core/directives/hint-controller/hint-controller.token.ts
FN:7,(anonymous_0)
FNF:1
FNH:1
FNDA:1,(anonymous_0)
DA:4,1
DA:7,1
LF:2
LH:2
BRF:0
BRH:0
end_of_record
TN:
SF:/Users/r.sedov/opensource/taiga-ui/projects/core/directives/hint-controller/index.ts
FNF:0
FNH:0
LF:0
LH:0
BRF:0
BRH:0
end_of_record
TN:
SF:/Users/r.sedov/opensource/taiga-ui/projects/core/directives/manual-hint/index.ts
FNF:0
FNH:0
LF:0
LH:0
BRF:0
BRH:0
end_of_record
TN:
SF:/Users/r.sedov/opensource/taiga-ui/projects/core/directives/manual-hint/manual-hint.directive.ts
FN:25,(anonymous_0)
FN:17,(anonymous_1)
FN:32,(anonymous_2)
FNF:3
FNH:2
FNDA:3,(anonymous_0)
FNDA:5,(anonymous_1)
FNDA:0,(anonymous_2)
DA:10,1
DA:13,3
DA:17,1
DA:18,5
DA:19,2
DA:21,3
DA:29,3
DA:33,0
LF:8
LH:7
BRDA:18,0,0,2
BRDA:18,0,1,3
BRF:2
BRH:2
end_of_record
TN:
SF:/Users/r.sedov/opensource/taiga-ui/projects/core/directives/manual-hint/manual-hint.module.ts
FNF:0
FNH:0
DA:8,1
LF:1
LH:1
BRF:0
BRH:0
end_of_record
TN:
SF:/Users/r.sedov/opensource/taiga-ui/projects/core/directives/mask-accessor/index.ts
FNF:0
FNH:0
LF:0
LH:0
BRF:0
BRH:0
end_of_record
TN:
SF:/Users/r.sedov/opensource/taiga-ui/projects/core/directives/mask-accessor/mask-accessor.directive.ts
FN:9,fallbackAccessorFactory
FNF:1
FNH:1
FNDA:30,fallbackAccessorFactory
DA:13,30
DA:27,1
LF:2
LH:2
BRDA:13,0,0,0
BRDA:13,0,1,30
BRF:2
BRH:1
end_of_record
TN:
SF:/Users/r.sedov/opensource/taiga-ui/projects/core/directives/mask-accessor/mask-accessor.module.ts
FNF:0
FNH:0
DA:11,1
LF:1
LH:1
BRF:0
BRH:0
end_of_record
TN:
SF:/Users/r.sedov/opensource/taiga-ui/projects/core/directives/mode/index.ts
FNF:0
FNH:0
LF:0
LH:0
BRF:0
BRH:0
end_of_record
TN:
SF:/Users/r.sedov/opensource/taiga-ui/projects/core/directives/mode/mode.directive.ts
FN:8,(anonymous_0)
FN:11,(anonymous_1)
FN:16,(anonymous_2)
FNF:3
FNH:3
FNDA:37,(anonymous_0)
FNDA:34,(anonymous_1)
FNDA:341,(anonymous_2)
DA:8,1
DA:11,1
DA:12,34
DA:13,34
DA:17,341
DA:20,37
DA:22,37
LF:7
LH:7
BRF:0
BRH:0
end_of_record
TN:
SF:/Users/r.sedov/opensource/taiga-ui/projects/core/directives/mode/mode.module.ts
FNF:0
FNH:0
DA:9,1
LF:1
LH:1
BRF:0
BRH:0
end_of_record
TN:
SF:/Users/r.sedov/opensource/taiga-ui/projects/core/directives/mode/table.directive.ts
FNF:0
FNH:0
DA:7,1
LF:1
LH:1
BRF:0
BRH:0
end_of_record
TN:
SF:/Users/r.sedov/opensource/taiga-ui/projects/core/directives/pointer-hint/index.ts
FNF:0
FNH:0
LF:0
LH:0
BRF:0
BRH:0
end_of_record
TN:
SF:/Users/r.sedov/opensource/taiga-ui/projects/core/directives/pointer-hint/pointer-hint.directive.ts
FN:36,(anonymous_0)
FN:46,(anonymous_1)
FN:52,(anonymous_2)
FN:59,(anonymous_3)
FN:21,(anonymous_4)
FN:67,(anonymous_5)
FN:71,(anonymous_6)
FN:77,(anonymous_7)
FN:82,(anonymous_8)
FNF:9
FNH:5
FNDA:3,(anonymous_0)
FNDA:0,(anonymous_1)
FNDA:3,(anonymous_2)
FNDA:3,(anonymous_3)
FNDA:0,(anonymous_4)
FNDA:0,(anonymous_5)
FNDA:3,(anonymous_6)
FNDA:0,(anonymous_7)
FNDA:3,(anonymous_8)
DA:18,1
DA:21,1
DA:22,0
DA:23,0
DA:24,0
DA:26,0
DA:29,0
DA:32,3
DA:34,3
DA:40,3
DA:43,3
DA:45,3
DA:46,0
DA:51,3
DA:53,3
DA:54,0
DA:56,3
DA:60,3
DA:64,3
DA:68,0
DA:72,3
DA:77,3
DA:78,0
DA:83,3
LF:24
LH:15
BRDA:53,0,0,0
BRDA:53,0,1,3
BRDA:22,1,0,0
BRDA:22,1,1,0
BRDA:82,2,0,3
BRDA:82,3,0,3
BRF:6
BRH:3
end_of_record
TN:
SF:/Users/r.sedov/opensource/taiga-ui/projects/core/directives/pointer-hint/pointer-hint.module.ts
FNF:0
FNH:0
DA:8,1
LF:1
LH:1
BRF:0
BRH:0
end_of_record
TN:
SF:/Users/r.sedov/opensource/taiga-ui/projects/core/directives/scroll-into-view/index.ts
FNF:0
FNH:0
LF:0
LH:0
BRF:0
BRH:0
end_of_record
TN:
SF:/Users/r.sedov/opensource/taiga-ui/projects/core/directives/scroll-into-view/scroll-into-view.directive.ts
FN:42,(anonymous_0)
FN:19,(anonymous_1)
FN:28,(anonymous_2)
FNF:3
FNH:2
FNDA:2400,(anonymous_0)
FNDA:2400,(anonymous_1)
FNDA:0,(anonymous_2)
DA:16,1
DA:19,1
DA:20,2400
DA:21,2388
DA:26,12
DA:29,0
DA:43,2400
DA:44,2400
DA:45,2400
LF:9
LH:8
BRDA:20,0,0,2388
BRDA:20,0,1,12
BRF:2
BRH:2
end_of_record
TN:
SF:/Users/r.sedov/opensource/taiga-ui/projects/core/directives/scroll-into-view/scroll-into-view.module.ts
FNF:0
FNH:0
DA:8,1
LF:1
LH:1
BRF:0
BRH:0
end_of_record
TN:
SF:/Users/r.sedov/opensource/taiga-ui/projects/core/directives/textfield-controller/index.ts
FNF:0
FNH:0
LF:0
LH:0
BRF:0
BRH:0
end_of_record
TN:
SF:/Users/r.sedov/opensource/taiga-ui/projects/core/directives/textfield-controller/textfield-autocomplete.directive.ts
FN:19,(anonymous_0)
FN:15,(anonymous_1)
FN:24,autocompleteDirectiveFactory
FNF:3
FNH:2
FNDA:2,(anonymous_0)
FNDA:0,(anonymous_1)
FNDA:2,autocompleteDirectiveFactory
DA:5,1
DA:15,0
DA:19,1
DA:21,2
DA:25,2
LF:5
LH:4
BRF:0
BRH:0
end_of_record
TN:
SF:/Users/r.sedov/opensource/taiga-ui/projects/core/directives/textfield-controller/textfield-cleaner.directive.ts
FN:18,(anonymous_0)
FN:14,(anonymous_1)
FN:23,cleanerDirectiveFactory
FNF:3
FNH:3
FNDA:28,(anonymous_0)
FNDA:27,(anonymous_1)
FNDA:1,cleanerDirectiveFactory
DA:4,1
DA:14,27
DA:18,1
DA:20,28
DA:24,1
LF:5
LH:5
BRF:0
BRH:0
end_of_record
TN:
SF:/Users/r.sedov/opensource/taiga-ui/projects/core/directives/textfield-controller/textfield-controller.module.ts
FNF:0
FNH:0
DA:36,1
LF:1
LH:1
BRF:0
BRH:0
end_of_record
TN:
SF:/Users/r.sedov/opensource/taiga-ui/projects/core/directives/textfield-controller/textfield-controller.provider.ts
FN:41,textfieldWatchedControllerFactory
FN:57,(anonymous_1)
FNF:2
FNH:2
FNDA:30,textfieldWatchedControllerFactory
FNDA:270,(anonymous_1)
DA:37,1
DA:57,270
DA:62,30
DA:64,30
DA:67,1
LF:5
LH:5
BRF:0
BRH:0
end_of_record
TN:
SF:/Users/r.sedov/opensource/taiga-ui/projects/core/directives/textfield-controller/textfield-custom-content.directive.ts
FN:19,(anonymous_0)
FN:15,(anonymous_1)
FN:24,customContentDirectiveFactory
FNF:3
FNH:2
FNDA:2,(anonymous_0)
FNDA:0,(anonymous_1)
FNDA:2,customContentDirectiveFactory
DA:5,1
DA:15,0
DA:19,1
DA:21,2
DA:25,2
LF:5
LH:4
BRF:0
BRH:0
end_of_record
TN:
SF:/Users/r.sedov/opensource/taiga-ui/projects/core/directives/textfield-controller/textfield-example-text.directive.ts
FN:18,(anonymous_0)
FN:14,(anonymous_1)
FN:23,exampleTextDirectiveFactory
FNF:3
FNH:3
FNDA:28,(anonymous_0)
FNDA:27,(anonymous_1)
FNDA:1,exampleTextDirectiveFactory
DA:4,1
DA:14,27
DA:18,1
DA:20,28
DA:24,1
LF:5
LH:5
BRF:0
BRH:0
end_of_record
TN:
SF:/Users/r.sedov/opensource/taiga-ui/projects/core/directives/textfield-controller/textfield-input-mode.directive.ts
FN:19,(anonymous_0)
FN:15,(anonymous_1)
FN:24,inputModeDirectiveFactory
FNF:3
FNH:2
FNDA:2,(anonymous_0)
FNDA:0,(anonymous_1)
FNDA:2,inputModeDirectiveFactory
DA:5,1
DA:15,0
DA:19,1
DA:21,2
DA:25,2
LF:5
LH:4
BRF:0
BRH:0
end_of_record
TN:
SF:/Users/r.sedov/opensource/taiga-ui/projects/core/directives/textfield-controller/textfield-label-outside.directive.ts
FN:18,(anonymous_0)
FN:14,(anonymous_1)
FN:23,labelOutsideDirectiveFactory
FNF:3
FNH:3
FNDA:28,(anonymous_0)
FNDA:27,(anonymous_1)
FNDA:1,labelOutsideDirectiveFactory
DA:4,1
DA:14,27
DA:18,1
DA:20,28
DA:24,1
LF:5
LH:5
BRF:0
BRH:0
end_of_record
TN:
SF:/Users/r.sedov/opensource/taiga-ui/projects/core/directives/textfield-controller/textfield-max-length.directive.ts
FN:18,(anonymous_0)
FN:14,(anonymous_1)
FN:23,maxLengthDirectiveFactory
FNF:3
FNH:2
FNDA:2,(anonymous_0)
FNDA:0,(anonymous_1)
FNDA:2,maxLengthDirectiveFactory
DA:4,1
DA:14,0
DA:18,1
DA:20,2
DA:24,2
LF:5
LH:4
BRF:0
BRH:0
end_of_record
TN:
SF:/Users/r.sedov/opensource/taiga-ui/projects/core/directives/textfield-controller/textfield-size.directive.ts
FN:19,(anonymous_0)
FN:15,(anonymous_1)
FN:24,sizeDirectiveFactory
FNF:3
FNH:3
FNDA:28,(anonymous_0)
FNDA:27,(anonymous_1)
FNDA:1,sizeDirectiveFactory
DA:5,1
DA:15,27
DA:19,1
DA:21,28
DA:25,1
LF:5
LH:5
BRF:0
BRH:0
end_of_record
TN:
SF:/Users/r.sedov/opensource/taiga-ui/projects/core/directives/textfield-controller/textfield-type.directive.ts
FN:19,(anonymous_0)
FN:15,(anonymous_1)
FN:24,typeDirectiveFactory
FNF:3
FNH:2
FNDA:2,(anonymous_0)
FNDA:0,(anonymous_1)
FNDA:2,typeDirectiveFactory
DA:5,1
DA:15,0
DA:19,1
DA:21,2
DA:25,2
LF:5
LH:4
BRF:0
BRH:0
end_of_record
TN:
SF:/Users/r.sedov/opensource/taiga-ui/projects/core/directives/textfield-controller/textfield.controller.ts
FN:16,(anonymous_0)
FN:29,(anonymous_1)
FN:33,(anonymous_2)
FN:37,(anonymous_3)
FN:41,(anonymous_4)
FN:44,(anonymous_5)
FN:48,(anonymous_6)
FN:52,(anonymous_7)
FN:56,(anonymous_8)
FN:60,(anonymous_9)
FNF:10
FNH:10
FNDA:30,(anonymous_0)
FNDA:112,(anonymous_1)
FNDA:112,(anonymous_2)
FNDA:112,(anonymous_3)
FNDA:70,(anonymous_4)
FNDA:56,(anonymous_5)
FNDA:228,(anonymous_6)
FNDA:56,(anonymous_7)
FNDA:347,(anonymous_8)
FNDA:56,(anonymous_9)
DA:17,30
DA:18,30
DA:19,30
DA:20,30
DA:21,30
DA:22,30
DA:23,30
DA:24,30
DA:25,30
DA:26,30
DA:30,112
DA:34,112
DA:38,112
DA:42,70
DA:45,56
DA:49,228
DA:53,56
DA:57,347
DA:61,56
LF:19
LH:19
BRF:0
BRH:0
end_of_record
TN:
SF:/Users/r.sedov/opensource/taiga-ui/projects/core/internal/primitive-year-month-pagination/index.ts
FNF:0
FNH:0
LF:0
LH:0
BRF:0
BRH:0
end_of_record
TN:
SF:/Users/r.sedov/opensource/taiga-ui/projects/core/internal/primitive-year-month-pagination/primitive-year-month-pagination.component.ts
FN:17,(anonymous_0)
FN:37,(anonymous_1)
FN:41,(anonymous_2)
FN:45,(anonymous_3)
FN:49,(anonymous_4)
FN:53,(anonymous_5)
FN:57,(anonymous_6)
FN:61,(anonymous_7)
FN:79,(anonymous_8)
FNF:9
FNH:9
FNDA:27,(anonymous_0)
FNDA:53,(anonymous_1)
FNDA:53,(anonymous_2)
FNDA:51,(anonymous_3)
FNDA:1,(anonymous_4)
FNDA:2,(anonymous_5)
FNDA:2,(anonymous_6)
FNDA:4,(anonymous_7)
FNDA:4,(anonymous_8)
DA:17,1
DA:21,27
DA:25,27
DA:29,27
DA:32,27
DA:35,27
DA:38,53
DA:42,53
DA:46,51
DA:50,1
DA:54,2
DA:58,2
DA:62,4
DA:64,4
DA:65,1
DA:67,1
DA:70,3
DA:71,1
DA:73,1
DA:76,2
DA:80,4
DA:81,2
DA:84,2
DA:85,2
LF:24
LH:24
BRDA:64,0,0,1
BRDA:64,0,1,3
BRDA:70,1,0,1
BRDA:70,1,1,2
BRDA:80,2,0,2
BRDA:80,2,1,2
BRF:6
BRH:6
end_of_record
TN:
SF:/Users/r.sedov/opensource/taiga-ui/projects/core/internal/primitive-year-month-pagination/primitive-year-month-pagination.module.ts
FNF:0
FNH:0
DA:20,1
LF:1
LH:1
BRF:0
BRH:0
end_of_record
TN:
SF:/Users/r.sedov/opensource/taiga-ui/projects/core/internal/svg-defs-host/index.ts
FNF:0
FNH:0
LF:0
LH:0
BRF:0
BRH:0
end_of_record
TN:
SF:/Users/r.sedov/opensource/taiga-ui/projects/core/internal/svg-defs-host/svg-defs-host.component.ts
FN:28,(anonymous_0)
FN:41,(anonymous_1)
FN:42,(anonymous_2)
FNF:3
FNH:3
FNDA:47,(anonymous_0)
FNDA:44,(anonymous_1)
FNDA:44,(anonymous_2)
DA:24,1
DA:26,47
DA:30,47
DA:31,47
DA:33,47
DA:36,47
DA:37,47
DA:42,44
DA:43,44
DA:44,44
LF:10
LH:10
BRF:0
BRH:0
end_of_record
TN:
SF:/Users/r.sedov/opensource/taiga-ui/projects/core/internal/svg-defs-host/svg-defs-host.module.ts
FNF:0
FNH:0
DA:11,1
LF:1
LH:1
BRF:0
BRH:0
end_of_record
TN:
SF:/Users/r.sedov/opensource/taiga-ui/projects/core/modules/notifications/index.ts
FNF:0
FNH:0
LF:0
LH:0
BRF:0
BRH:0
end_of_record
TN:
SF:/Users/r.sedov/opensource/taiga-ui/projects/core/modules/notifications/notifications.module.ts
FNF:0
FNH:0
DA:20,1
LF:1
LH:1
BRF:0
BRH:0
end_of_record
TN:
SF:/Users/r.sedov/opensource/taiga-ui/projects/core/modules/notifications/notifications.service.ts
FN:18,(anonymous_0)
FN:36,(anonymous_1)
FN:45,(anonymous_2)
FN:49,(anonymous_3)
FN:54,(anonymous_4)
FNF:5
FNH:5
FNDA:4,(anonymous_0)
FNDA:22,(anonymous_1)
FNDA:22,(anonymous_2)
FNDA:22,(anonymous_3)
FNDA:1,(anonymous_4)
DA:13,1
DA:18,1
DA:20,4
DA:23,4
DA:40,22
DA:42,22
DA:49,22
DA:50,22
DA:52,22
DA:54,22
DA:55,1
LF:11
LH:11
BRDA:38,0,0,0
BRF:1
BRH:0
end_of_record
TN:
SF:/Users/r.sedov/opensource/taiga-ui/projects/core/modules/notifications/notification-alert/Notification-alert.ts
FN:25,(anonymous_0)
FN:50,(anonymous_1)
FNF:2
FNH:2
FNDA:33,(anonymous_0)
FNDA:33,(anonymous_1)
DA:35,33
DA:37,33
DA:38,33
DA:40,33
DA:41,33
DA:42,33
DA:43,33
DA:45,33
DA:46,2
DA:53,33
LF:10
LH:10
BRDA:31,0,0,4
BRDA:32,1,0,30
BRDA:33,2,0,28
BRDA:34,3,0,33
BRDA:45,4,0,2
BRDA:45,4,1,31
BRDA:45,5,0,33
BRDA:45,5,1,33
BRF:8
BRH:8
end_of_record
TN:
SF:/Users/r.sedov/opensource/taiga-ui/projects/core/modules/notifications/notification-alert/notification-alert.component.ts
FN:23,(anonymous_0)
FN:29,(anonymous_1)
FN:36,(anonymous_2)
FN:44,(anonymous_3)
FN:48,(anonymous_4)
FN:52,(anonymous_5)
FN:56,(anonymous_6)
FN:61,(anonymous_7)
FN:71,(anonymous_8)
FN:74,(anonymous_9)
FN:77,(anonymous_10)
FNF:11
FNH:8
FNDA:20,(anonymous_0)
FNDA:0,(anonymous_1)
FNDA:116,(anonymous_2)
FNDA:20,(anonymous_3)
FNDA:20,(anonymous_4)
FNDA:20,(anonymous_5)
FNDA:0,(anonymous_6)
FNDA:20,(anonymous_7)
FNDA:1,(anonymous_8)
FNDA:1,(anonymous_9)
FNDA:0,(anonymous_10)
DA:10,1
DA:19,1
DA:21,1
DA:27,20
DA:30,0
DA:31,0
DA:37,116
DA:38,0
DA:41,116
DA:45,20
DA:49,20
DA:53,20
DA:57,0
DA:61,1
DA:67,20
DA:72,1
DA:75,1
DA:78,0
DA:79,0
LF:19
LH:13
BRDA:30,0,0,0
BRDA:30,0,1,0
BRDA:37,1,0,0
BRDA:37,1,1,116
BRF:4
BRH:1
end_of_record
TN:
SF:/Users/r.sedov/opensource/taiga-ui/projects/core/modules/notifications/notification-alert/notification-alert.module.ts
FNF:0
FNH:0
DA:13,1
LF:1
LH:1
BRF:0
BRH:0
end_of_record
TN:
SF:/Users/r.sedov/opensource/taiga-ui/projects/core/modules/notifications/notifications-host/notifications-host.component.ts
FN:24,(anonymous_0)
FN:25,(anonymous_1)
FN:29,(anonymous_2)
FN:35,(anonymous_3)
FN:39,(anonymous_4)
FN:43,(anonymous_5)
FN:47,(anonymous_6)
FNF:7
FNH:7
FNDA:16,(anonymous_0)
FNDA:34,(anonymous_1)
FNDA:1,(anonymous_2)
FNDA:16,(anonymous_3)
FNDA:2,(anonymous_4)
FNDA:2,(anonymous_5)
FNDA:34,(anonymous_6)
DA:19,1
DA:20,16
DA:25,16
DA:26,34
DA:28,16
DA:30,1
DA:36,16
DA:40,2
DA:42,2
DA:43,2
DA:48,34
DA:50,34
DA:51,34
LF:13
LH:13
BRDA:42,0,0,2
BRDA:42,0,1,0
BRDA:50,1,0,34
BRDA:50,1,1,0
BRF:4
BRH:2
end_of_record
TN:
SF:/Users/r.sedov/opensource/taiga-ui/projects/core/observables/smart-search.ts
FN:12,smartSearch
FN:16,(anonymous_1)
FN:19,(anonymous_2)
FN:25,(anonymous_3)
FNF:4
FNH:4
FNDA:4,smartSearch
FNDA:4,(anonymous_1)
FNDA:3,(anonymous_2)
FNDA:3,(anonymous_3)
DA:16,4
DA:17,4
DA:20,3
DA:25,3
LF:4
LH:4
BRDA:14,0,0,4
BRDA:21,1,0,0
BRDA:21,1,1,3
BRDA:20,2,0,3
BRDA:20,2,1,0
BRF:5
BRH:3
end_of_record
TN:
SF:/Users/r.sedov/opensource/taiga-ui/projects/core/providers/index.ts
FNF:0
FNH:0
LF:0
LH:0
BRF:0
BRH:0
end_of_record
TN:
SF:/Users/r.sedov/opensource/taiga-ui/projects/core/providers/mode.provider.ts
FNF:0
FNH:0
DA:7,1
LF:1
LH:1
BRF:0
BRH:0
end_of_record
TN:
SF:/Users/r.sedov/opensource/taiga-ui/projects/core/providers/watched-controller-provider-factory.ts
FN:7,watchedControllerFactory
FNF:1
FNH:1
FNDA:50,watchedControllerFactory
DA:12,50
DA:14,50
LF:2
LH:2
BRF:0
BRH:0
end_of_record
TN:
SF:/Users/r.sedov/opensource/taiga-ui/projects/core/services/hint.service.ts
FN:17,(anonymous_0)
FN:18,(anonymous_1)
FN:21,(anonymous_2)
FN:25,(anonymous_3)
FN:26,(anonymous_4)
FN:37,(anonymous_5)
FN:41,(anonymous_6)
FN:43,(anonymous_7)
FN:46,(anonymous_8)
FN:54,(anonymous_9)
FN:62,(anonymous_10)
FN:63,(anonymous_11)
FNF:12
FNH:12
FNDA:9,(anonymous_0)
FNDA:47,(anonymous_1)
FNDA:4,(anonymous_2)
FNDA:111,(anonymous_3)
FNDA:4,(anonymous_4)
FNDA:31,(anonymous_5)
FNDA:31,(anonymous_6)
FNDA:31,(anonymous_7)
FNDA:2,(anonymous_8)
FNDA:4,(anonymous_9)
FNDA:6,(anonymous_10)
FNDA:2,(anonymous_11)
DA:14,1
DA:15,9
DA:18,47
DA:22,4
DA:26,111
DA:35,9
DA:38,31
DA:42,31
DA:43,31
DA:47,2
DA:49,2
DA:50,2
DA:55,4
DA:57,4
DA:58,0
DA:63,6
LF:16
LH:15
BRDA:49,0,0,2
BRDA:49,0,1,0
BRDA:57,1,0,0
BRDA:57,1,1,4
BRF:4
BRH:2
end_of_record
TN:
SF:/Users/r.sedov/opensource/taiga-ui/projects/core/services/index.ts
FNF:0
FNH:0
LF:0
LH:0
BRF:0
BRH:0
end_of_record
TN:
SF:/Users/r.sedov/opensource/taiga-ui/projects/core/services/root-scroller.service.ts
FN:15,(anonymous_0)
FN:17,(anonymous_1)
FN:21,(anonymous_2)
FN:23,(anonymous_3)
FN:29,(anonymous_4)
FN:40,(anonymous_5)
FN:48,(anonymous_6)
FN:56,(anonymous_7)
FNF:8
FNH:5
FNDA:8,(anonymous_0)
FNDA:47,(anonymous_1)
FNDA:0,(anonymous_2)
FNDA:1,(anonymous_3)
FNDA:1,(anonymous_4)
FNDA:0,(anonymous_5)
FNDA:0,(anonymous_6)
FNDA:2,(anonymous_7)
DA:12,1
DA:13,8
DA:15,8
DA:18,47
DA:24,1
DA:26,1
DA:30,1
DA:32,1
DA:33,0
DA:36,1
DA:37,1
DA:41,0
DA:43,0
DA:44,0
DA:49,0
DA:51,0
DA:52,0
DA:57,2
LF:18
LH:11
BRDA:26,0,0,1
BRDA:26,0,1,0
BRDA:32,1,0,0
BRDA:32,1,1,1
BRDA:41,2,0,0
BRDA:41,2,1,0
BRDA:43,3,0,0
BRDA:43,3,1,0
BRDA:51,4,0,0
BRDA:51,4,1,0
BRDA:51,5,0,0
BRDA:51,5,1,0
BRDA:57,6,0,2
BRDA:57,6,1,2
BRF:14
BRH:4
end_of_record
TN:
SF:/Users/r.sedov/opensource/taiga-ui/projects/core/services/router-link-active.service.ts
FN:10,(anonymous_0)
FN:20,(anonymous_1)
FN:27,(anonymous_2)
FNF:3
FNH:0
FNDA:0,(anonymous_0)
FNDA:0,(anonymous_1)
FNDA:0,(anonymous_2)
DA:9,1
DA:18,0
DA:20,0
DA:27,0
LF:4
LH:1
BRDA:19,0,0,0
BRDA:19,0,1,0
BRF:2
BRH:0
end_of_record
TN:
SF:/Users/r.sedov/opensource/taiga-ui/projects/core/services/svg.service.ts
FN:20,(anonymous_0)
FN:30,(anonymous_1)
FN:33,(anonymous_2)
FN:40,(anonymous_3)
FN:44,(anonymous_4)
FN:64,(anonymous_5)
FN:68,(anonymous_6)
FNF:7
FNH:7
FNDA:21,(anonymous_0)
FNDA:29,(anonymous_1)
FNDA:8,(anonymous_2)
FNDA:152,(anonymous_3)
FNDA:8,(anonymous_4)
FNDA:1,(anonymous_5)
FNDA:1,(anonymous_6)
DA:15,1
DA:16,21
DA:18,21
DA:23,21
DA:24,21
DA:27,21
DA:31,29
DA:33,29
DA:34,8
DA:37,29
DA:41,152
DA:45,8
DA:46,7
DA:49,1
DA:51,1
DA:52,0
DA:54,0
DA:57,1
DA:58,1
DA:65,1
DA:69,1
LF:21
LH:19
BRDA:41,0,0,152
BRDA:41,0,1,150
BRDA:45,1,0,7
BRDA:45,1,1,1
BRDA:51,2,0,0
BRDA:51,2,1,1
BRDA:65,3,0,0
BRDA:65,3,1,1
BRDA:70,4,0,1
BRDA:70,4,1,0
BRDA:71,5,0,0
BRDA:71,5,1,1
BRF:12
BRH:8
end_of_record
TN:
SF:/Users/r.sedov/opensource/taiga-ui/projects/core/tokens/data-list-accessor.ts
FNF:0
FNH:0
DA:4,1
LF:1
LH:1
BRF:0
BRH:0
end_of_record
TN:
SF:/Users/r.sedov/opensource/taiga-ui/projects/core/tokens/data-list-host.ts
FNF:0
FNH:0
DA:4,1
LF:1
LH:1
BRF:0
BRH:0
end_of_record
TN:
SF:/Users/r.sedov/opensource/taiga-ui/projects/core/tokens/document-or-shadow-root.ts
FNF:0
FNH:0
DA:3,1
LF:1
LH:1
BRF:0
BRH:0
end_of_record
TN:
SF:/Users/r.sedov/opensource/taiga-ui/projects/core/tokens/dropdown-directive.ts
FNF:0
FNH:0
DA:4,1
LF:1
LH:1
BRF:0
BRH:0
end_of_record
TN:
SF:/Users/r.sedov/opensource/taiga-ui/projects/core/tokens/element-ref.ts
FNF:0
FNH:0
DA:3,1
LF:1
LH:1
BRF:0
BRH:0
end_of_record
TN:
SF:/Users/r.sedov/opensource/taiga-ui/projects/core/tokens/i18n.ts
FN:4,(anonymous_0)
FN:10,(anonymous_1)
FN:19,(anonymous_2)
FN:29,(anonymous_3)
FNF:4
FNH:3
FNDA:9,(anonymous_0)
FNDA:0,(anonymous_1)
FNDA:3,(anonymous_2)
FNDA:2,(anonymous_3)
DA:3,1
DA:4,9
DA:7,1
DA:10,0
DA:18,1
DA:19,3
DA:26,1
DA:29,2
LF:8
LH:7
BRF:0
BRH:0
end_of_record
TN:
SF:/Users/r.sedov/opensource/taiga-ui/projects/core/tokens/icons-path.ts
FN:11,(anonymous_0)
FNF:1
FNH:1
FNDA:14,(anonymous_0)
DA:8,1
DA:11,14
LF:2
LH:2
BRF:0
BRH:0
end_of_record
TN:
SF:/Users/r.sedov/opensource/taiga-ui/projects/core/tokens/icons.ts
FN:6,(anonymous_0)
FNF:1
FNH:1
FNDA:21,(anonymous_0)
DA:3,1
DA:6,21
LF:2
LH:2
BRF:0
BRH:0
end_of_record
TN:
SF:/Users/r.sedov/opensource/taiga-ui/projects/core/tokens/index.ts
FNF:0
FNH:0
LF:0
LH:0
BRF:0
BRH:0
end_of_record
TN:
SF:/Users/r.sedov/opensource/taiga-ui/projects/core/tokens/mode.ts
FNF:0
FNH:0
DA:7,1
LF:1
LH:1
BRF:0
BRH:0
end_of_record
TN:
SF:/Users/r.sedov/opensource/taiga-ui/projects/core/tokens/option-content.ts
FNF:0
FNH:0
DA:5,1
LF:1
LH:1
BRF:0
BRH:0
end_of_record
TN:
SF:/Users/r.sedov/opensource/taiga-ui/projects/core/tokens/scroll-ref.ts
FNF:0
FNH:0
DA:3,1
LF:1
LH:1
BRF:0
BRH:0
end_of_record
TN:
SF:/Users/r.sedov/opensource/taiga-ui/projects/core/tokens/value-accessor.ts
FNF:0
FNH:0
DA:4,1
LF:1
LH:1
BRF:0
BRH:0
end_of_record
TN:
SF:/Users/r.sedov/opensource/taiga-ui/projects/core/utils/dom/are-css-vars-supported.ts
FN:6,areCssVarsSupported
FNF:1
FNH:0
FNDA:0,areCssVarsSupported
DA:7,0
LF:1
LH:0
BRDA:7,0,0,0
BRDA:7,0,1,0
BRF:2
BRH:0
end_of_record
TN:
SF:/Users/r.sedov/opensource/taiga-ui/projects/core/utils/dom/check-fixed-position.ts
FN:1,checkFixedPosition
FNF:1
FNH:1
FNDA:89,checkFixedPosition
DA:2,89
DA:3,10
DA:6,79
DA:8,79
LF:4
LH:4
BRDA:2,0,0,10
BRDA:2,0,1,79
BRDA:2,1,0,89
BRDA:2,1,1,79
BRDA:9,2,0,79
BRDA:9,2,1,79
BRF:6
BRH:6
end_of_record
TN:
SF:/Users/r.sedov/opensource/taiga-ui/projects/core/utils/dom/get-safe-area-size.ts
FN:6,getSafeAreaSize
FNF:1
FNH:0
FNDA:0,getSafeAreaSize
DA:7,0
DA:8,0
DA:11,0
DA:13,0
DA:14,0
DA:16,0
DA:18,0
DA:20,0
LF:8
LH:0
BRDA:7,0,0,0
BRDA:7,0,1,0
BRDA:16,1,0,0
BRDA:16,1,1,0
BRF:4
BRH:0
end_of_record
TN:
SF:/Users/r.sedov/opensource/taiga-ui/projects/core/utils/dom/get-screen-width.ts
FN:1,getScreenWidth
FNF:1
FNH:1
FNDA:35,getScreenWidth
DA:2,35
LF:1
LH:1
BRDA:4,0,0,35
BRDA:4,0,1,0
BRF:2
BRH:1
end_of_record
TN:
SF:/Users/r.sedov/opensource/taiga-ui/projects/core/utils/dom/index.ts
FNF:0
FNH:0
LF:0
LH:0
BRF:0
BRH:0
end_of_record
TN:
SF:/Users/r.sedov/opensource/taiga-ui/projects/core/utils/dom/process-icon.ts
FN:5,processIcon
FNF:1
FNH:1
FNDA:1,processIcon
DA:1,1
DA:2,1
DA:3,1
DA:6,1
DA:7,1
DA:9,1
DA:14,0
DA:17,1
DA:18,1
DA:19,1
DA:20,1
DA:21,1
DA:25,1
DA:30,1
DA:36,0
DA:39,1
DA:40,1
DA:41,1
DA:43,1
LF:19
LH:17
BRDA:9,0,0,0
BRDA:9,0,1,1
BRDA:10,1,0,1
BRDA:10,1,1,1
BRDA:10,1,2,1
BRDA:30,2,0,0
BRDA:30,2,1,1
BRDA:31,3,0,1
BRDA:31,3,1,1
BRDA:31,3,2,1
BRDA:31,3,3,1
BRF:11
BRH:9
end_of_record
TN:
SF:/Users/r.sedov/opensource/taiga-ui/projects/core/utils/format/capitalize.ts
FN:5,capitalize
FN:6,(anonymous_1)
FNF:2
FNH:2
FNDA:8,capitalize
FNDA:19,(anonymous_1)
DA:6,19
LF:1
LH:1
BRF:0
BRH:0
end_of_record
TN:
SF:/Users/r.sedov/opensource/taiga-ui/projects/core/utils/format/format-number.ts
FN:12,formatNumber
FNF:1
FNH:1
FNDA:10,formatNumber
DA:17,10
DA:18,10
DA:20,10
DA:24,10
DA:25,10
DA:26,10
DA:28,10
DA:29,30
DA:30,7
DA:33,30
DA:36,10
LF:11
LH:11
BRDA:14,0,0,6
BRDA:15,1,0,9
BRDA:18,2,0,10
BRDA:18,2,1,6
BRDA:21,3,0,6
BRDA:21,3,1,4
BRDA:25,4,0,1
BRDA:25,4,1,9
BRDA:29,5,0,7
BRDA:29,5,1,23
BRDA:29,6,0,30
BRDA:29,6,1,7
BRDA:37,7,0,4
BRDA:37,7,1,6
BRDA:36,8,0,10
BRDA:36,8,1,6
BRF:16
BRH:16
end_of_record
TN:
SF:/Users/r.sedov/opensource/taiga-ui/projects/core/utils/format/format-phone.ts
FN:8,formatPhone
FNF:1
FNH:1
FNDA:4,formatPhone
DA:13,4
DA:14,0
DA:17,4
DA:19,4
DA:20,1
DA:23,4
DA:24,4
DA:26,4
DA:28,4
DA:29,1
DA:32,3
DA:33,44
DA:34,0
DA:37,44
DA:38,30
DA:39,30
DA:41,14
DA:45,3
LF:18
LH:16
BRDA:13,0,0,0
BRDA:13,0,1,4
BRDA:19,1,0,1
BRDA:19,1,1,3
BRDA:28,2,0,1
BRDA:28,2,1,3
BRDA:33,3,0,0
BRDA:33,3,1,44
BRDA:37,4,0,30
BRDA:37,4,1,14
BRDA:38,5,0,30
BRDA:38,5,1,0
BRF:12
BRH:9
end_of_record
TN:
SF:/Users/r.sedov/opensource/taiga-ui/projects/core/utils/format/pluralize.ts
FN:8,pluralize
FNF:1
FNH:1
FNDA:6,pluralize
DA:9,6
DA:10,6
DA:13,6
DA:14,2
DA:18,4
DA:19,2
DA:22,2
LF:7
LH:7
BRDA:13,0,0,2
BRDA:13,0,1,4
BRDA:13,1,0,6
BRDA:13,1,1,3
BRDA:18,2,0,2
BRDA:18,2,1,2
BRDA:18,3,0,4
BRDA:18,3,1,2
BRDA:18,3,2,2
BRDA:18,3,3,1
BRF:10
BRH:10
end_of_record
TN:
SF:/Users/r.sedov/opensource/taiga-ui/projects/core/utils/mask/create-auto-corrected-money-pipe.ts
FN:13,tuiCreateAutoCorrectedNumberPipe
FN:21,(anonymous_1)
FN:33,(anonymous_2)
FN:52,addDecimalSymbolIfNeeded
FN:59,calculateCaretGap
FNF:5
FNH:3
FNDA:7,tuiCreateAutoCorrectedNumberPipe
FNDA:7,(anonymous_1)
FNDA:0,(anonymous_2)
FNDA:5,addDecimalSymbolIfNeeded
FNDA:0,calculateCaretGap
DA:18,7
DA:19,7
DA:21,7
DA:23,7
DA:30,0
DA:33,0
DA:34,0
DA:38,7
DA:39,2
DA:42,5
DA:43,5
DA:44,5
DA:46,5
DA:56,5
DA:60,0
DA:62,0
DA:63,0
DA:66,0
DA:67,0
DA:69,0
LF:20
LH:11
BRDA:14,0,0,2
BRDA:15,1,0,5
BRDA:23,2,0,0
BRDA:23,2,1,7
BRDA:24,3,0,7
BRDA:24,3,1,0
BRDA:24,3,2,0
BRDA:24,3,3,0
BRDA:38,4,0,2
BRDA:38,4,1,5
BRDA:38,5,0,7
BRDA:38,5,1,6
BRDA:54,6,0,0
BRDA:56,7,0,2
BRDA:56,7,1,3
BRDA:59,8,0,0
BRDA:62,9,0,0
BRDA:62,9,1,0
BRF:18
BRH:10
end_of_record
TN:
SF:/Users/r.sedov/opensource/taiga-ui/projects/core/utils/mask/create-correction-mask.ts
FN:11,tuiCreateCorrectionMask
FN:15,(anonymous_1)
FN:16,(anonymous_2)
FN:37,(anonymous_3)
FN:40,(anonymous_4)
FNF:5
FNH:5
FNDA:1,tuiCreateCorrectionMask
FNDA:4,(anonymous_1)
FNDA:12,(anonymous_2)
FNDA:14,(anonymous_3)
FNDA:9,(anonymous_4)
DA:9,1
DA:15,1
DA:16,4
DA:17,12
DA:19,12
DA:21,12
DA:22,1
DA:25,11
DA:26,8
DA:29,3
DA:30,3
DA:33,0
DA:35,4
DA:36,4
DA:37,14
DA:40,9
LF:16
LH:15
BRDA:19,0,0,12
BRDA:19,0,1,3
BRDA:21,1,0,1
BRDA:21,1,1,11
BRDA:21,2,0,12
BRDA:21,2,1,4
BRDA:25,3,0,8
BRDA:25,3,1,3
BRDA:29,4,0,3
BRDA:29,4,1,0
BRDA:37,5,0,14
BRDA:37,5,1,3
BRDA:41,6,0,2
BRDA:41,6,1,2
BRF:14
BRH:13
end_of_record
TN:
SF:/Users/r.sedov/opensource/taiga-ui/projects/core/utils/mask/masked-number-string-to-number.ts
FN:3,maskedNumberStringToNumber
FNF:1
FNH:1
FNDA:3,maskedNumberStringToNumber
DA:4,3
LF:1
LH:1
BRF:0
BRH:0
end_of_record
TN:
SF:/Users/r.sedov/opensource/taiga-ui/projects/core/utils/miscellaneous/get-padding.ts
FN:6,getPadding
FNF:1
FNH:1
FNDA:113,getPadding
DA:1,1
DA:2,1
DA:3,1
DA:4,1
DA:13,113
DA:15,113
DA:16,1
DA:19,113
DA:20,3
DA:23,113
DA:24,49
DA:27,113
DA:28,1
DA:31,113
LF:14
LH:14
BRDA:9,0,0,56
BRDA:10,1,0,56
BRDA:11,2,0,56
BRDA:13,3,0,28
BRDA:13,3,1,85
BRDA:15,4,0,1
BRDA:15,4,1,112
BRDA:19,5,0,3
BRDA:19,5,1,110
BRDA:23,6,0,49
BRDA:23,6,1,64
BRDA:27,7,0,1
BRDA:27,7,1,112
BRF:13
BRH:13
end_of_record
TN:
SF:/Users/r.sedov/opensource/taiga-ui/projects/core/utils/miscellaneous/icons-path-factory.ts
FN:4,iconsPathFactory
FN:8,(anonymous_1)
FNF:2
FNH:0
FNDA:0,iconsPathFactory
FNDA:0,(anonymous_1)
DA:6,0
DA:8,0
DA:9,0
DA:10,0
DA:13,0
LF:5
LH:0
BRDA:6,0,0,0
BRDA:6,0,1,0
BRDA:9,1,0,0
BRDA:9,1,1,0
BRF:4
BRH:0
end_of_record
TN:
SF:/Users/r.sedov/opensource/taiga-ui/projects/core/utils/miscellaneous/index.ts
FNF:0
FNH:0
LF:0
LH:0
BRF:0
BRH:0
end_of_record
TN:
SF:/Users/r.sedov/opensource/taiga-ui/projects/core/utils/miscellaneous/is-editing-key.ts
FN:6,isEditingKey
FNF:1
FNH:1
FNDA:1,isEditingKey
DA:7,1
LF:1
LH:1
BRDA:7,0,0,1
BRDA:7,0,1,1
BRF:2
BRH:2
end_of_record
TN:
SF:/Users/r.sedov/opensource/taiga-ui/projects/core/utils/miscellaneous/is-presumed-hTMLString.ts
FN:1,isPresumedHTMLString
FNF:1
FNH:1
FNDA:626,isPresumedHTMLString
DA:2,626
DA:4,626
LF:2
LH:2
BRDA:4,0,0,626
BRDA:4,0,1,11
BRF:2
BRH:2
end_of_record
TN:
SF:/Users/r.sedov/opensource/taiga-ui/projects/core/utils/miscellaneous/mode-factory.ts
FN:8,modeFactory
FN:23,(anonymous_1)
FNF:2
FNH:2
FNDA:161,modeFactory
FNDA:24,(anonymous_1)
DA:14,161
DA:15,0
DA:18,161
DA:19,110
DA:22,51
DA:23,24
LF:6
LH:5
BRDA:14,0,0,0
BRDA:14,0,1,161
BRDA:18,1,0,110
BRDA:18,1,1,51
BRF:4
BRH:3
end_of_record
TN:
SF:/Users/r.sedov/opensource/taiga-ui/projects/core/utils/miscellaneous/size-bigger.ts
FN:11,sizeBigger
FNF:1
FNH:1
FNDA:117,sizeBigger
DA:3,1
DA:15,117
LF:2
LH:2
BRDA:13,0,0,5
BRF:1
BRH:1
end_of_record
TN:
SF:/Users/r.sedov/opensource/taiga-ui/projects/core/utils/polyfills/index.ts
FNF:0
FNH:0
LF:0
LH:0
BRF:0
BRH:0
end_of_record
TN:
SF:/Users/r.sedov/opensource/taiga-ui/projects/core/utils/polyfills/inner-HTML.ts
FN:4,innerHTML
FN:15,(anonymous_1)
FN:26,(anonymous_2)
FNF:3
FNH:1
FNDA:47,innerHTML
FNDA:0,(anonymous_1)
FNDA:0,(anonymous_2)
DA:5,47
DA:7,47
DA:8,47
DA:11,0
DA:12,0
DA:14,0
DA:16,0
DA:17,0
DA:19,0
DA:20,0
DA:21,0
DA:24,0
DA:27,0
DA:28,0
DA:31,0
DA:32,0
DA:35,0
DA:36,0
DA:39,0
LF:19
LH:3
BRDA:7,0,0,47
BRDA:7,0,1,0
BRDA:35,1,0,0
BRDA:35,1,1,0
BRF:4
BRH:1
end_of_record
